------------------------------------------------------------------------------------------
      name:  combined
       log:  C:\Users\CHENY\Documents\GitHub\thesis-bank/results/regressions_results.log
  log type:  text
 opened on:  18 Dec 2025, 13:59:09

. 
. *------------------------------------------------------
. * 4. Stage-1 regressions
. *  - Outcomes: deposit rate changes and deposit quantities
. *  - Bank FE via absorb(bankid); Quarter FE: i.qdate
. *  - Region×Quarter controls: c.<region_share>#i.qdate (PC omitted)
. *  - Policy slope shifters: c.<shifter>#c.cum_d_ffr with shifters {zS, zR, zH}
. *  - We report joint F-tests for {zS, zR, zH}×cum ΔFFR
. *------------------------------------------------------
. // Outcome: cum_d_interest_rate_on_deposit
. * All banks
. reghdfe cum_d_interest_rate_on_deposit ///
>         c.sophistication_index#c.cum_d_ffr ///
>                 c.branch_density_z#c.cum_d_ffr ///
>                 c.hhi_z#c.cum_d_ffr ///
>                 c.metro_dummy#c.cum_d_ffr ///
>                 c.log_median_hh_income_z#c.cum_d_ffr ///
>         i.qdate ///
>         c.ne#i.qdate c.ma#i.qdate c.ec#i.qdate c.wc#i.qdate ///
>         c.sa#i.qdate c.es#i.qdate c.ws#i.qdate c.mt#i.qdate, ///
>         absorb(bankid) ///
>         cluster(bankid)
(dropped 29 singleton observations)
(MWFE estimator converged in 1 iterations)
note: 255.qdate#c.ne omitted because of collinearity
note: 255.qdate#c.ma omitted because of collinearity
note: 255.qdate#c.ec omitted because of collinearity
note: 255.qdate#c.wc omitted because of collinearity
note: 255.qdate#c.sa omitted because of collinearity
note: 255.qdate#c.es omitted because of collinearity
note: 255.qdate#c.ws omitted because of collinearity
note: 255.qdate#c.mt omitted because of collinearity

HDFE Linear regression                            Number of obs   =     28,822
Absorbing 1 HDFE group                            F(  68,   3819) =     358.65
Statistics robust to heteroskedasticity           Prob > F        =     0.0000
                                                  R-squared       =     0.8672
                                                  Adj R-squared   =     0.8464
                                                  Within R-sq.    =     0.8223
Number of clusters (bankid)  =      3,820         Root MSE        =     0.0027

                                        (Std. err. adjusted for 3,820 clusters in bankid)
-----------------------------------------------------------------------------------------
                        |               Robust
cum_d_interest_rate_o~t | Coefficient  std. err.      t    P>|t|     [95% conf. interval]
------------------------+----------------------------------------------------------------
                     c. |
 sophistication_index_z#|
            c.cum_d_ffr |   .0003568   .0000476     7.50   0.000     .0002634    .0004501
                        |
     c.branch_density_z#|
            c.cum_d_ffr |  -.0006947   .0000379   -18.35   0.000     -.000769   -.0006205
                        |
    c.hhi_z#c.cum_d_ffr |  -.0000624   .0000215    -2.90   0.004    -.0001045   -.0000203
                        |
          c.metro_dummy#|
            c.cum_d_ffr |   .0002355   .0000559     4.22   0.000      .000126    .0003451
                        |
                     c. |
 log_median_hh_income_z#|
            c.cum_d_ffr |  -.0001512    .000046    -3.29   0.001    -.0002413    -.000061
                        |
                  qdate |
                   249  |   -.001048    .000095   -11.03   0.000    -.0012342   -.0008617
                   250  |  -.0011392   .0002036    -5.59   0.000    -.0015384   -.0007399
                   251  |   .0008072   .0003874     2.08   0.037     .0000477    .0015666
                   252  |   .0039556   .0005456     7.25   0.000     .0028859    .0050253
                   253  |   .0073801   .0006108    12.08   0.000     .0061827    .0085776
                   254  |   .0097635   .0006839    14.28   0.000     .0084227    .0111043
                   255  |    .011369   .0007392    15.38   0.000     .0099197    .0128183
                        |
             qdate#c.ne |
                   248  |  -.0014359   .0010279    -1.40   0.163    -.0034512    .0005794
                   249  |  -.0013693   .0010269    -1.33   0.182    -.0033828    .0006441
                   250  |  -.0013544   .0009092    -1.49   0.136    -.0031369    .0004281
                   251  |  -.0017268   .0007246    -2.38   0.017    -.0031475   -.0003062
                   252  |  -.0010545   .0005626    -1.87   0.061    -.0021576    .0000485
                   253  |  -.0005086   .0004196    -1.21   0.225    -.0013313     .000314
                   254  |  -.0004447   .0003221    -1.38   0.167    -.0010762    .0001868
                   255  |          0  (omitted)
                        |
             qdate#c.ma |
                   248  |  -.0028449   .0009023    -3.15   0.002    -.0046139   -.0010759
                   249  |  -.0022592   .0009094    -2.48   0.013    -.0040421   -.0004763
                   250  |  -.0010941   .0007997    -1.37   0.171    -.0026619    .0004737
                   251  |  -.0003957   .0006235    -0.63   0.526    -.0016182    .0008268
                   252  |  -.0000324   .0004816    -0.07   0.946    -.0009766    .0009118
                   253  |  -.0003017   .0003643    -0.83   0.408    -.0010159    .0004125
                   254  |  -.0003634   .0002851    -1.27   0.203    -.0009224    .0001956
                   255  |          0  (omitted)
                        |
             qdate#c.ec |
                   248  |  -.0015334   .0007598    -2.02   0.044    -.0030231   -.0000436
                   249  |  -.0005866   .0007606    -0.77   0.441    -.0020778    .0009046
                   250  |   .0002802   .0006609     0.42   0.672    -.0010155    .0015759
                   251  |    .000481   .0004979     0.97   0.334    -.0004951    .0014572
                   252  |   .0002453   .0003759     0.65   0.514    -.0004916    .0009823
                   253  |  -.0003038   .0002913    -1.04   0.297    -.0008749    .0002674
                   254  |  -.0003419   .0002108    -1.62   0.105    -.0007552    .0000713
                   255  |          0  (omitted)
                        |
             qdate#c.wc |
                   248  |  -.0028115   .0007573    -3.71   0.000    -.0042963   -.0013267
                   249  |  -.0016391   .0007542    -2.17   0.030    -.0031178   -.0001604
                   250  |  -.0004842   .0006509    -0.74   0.457    -.0017603    .0007919
                   251  |   .0000593   .0004871     0.12   0.903    -.0008957    .0010143
                   252  |  -.0002048   .0003659    -0.56   0.576    -.0009222    .0005127
                   253  |  -.0007303   .0002828    -2.58   0.010    -.0012848   -.0001759
                   254  |  -.0004676   .0002017    -2.32   0.020    -.0008631   -.0000721
                   255  |          0  (omitted)
                        |
             qdate#c.sa |
                   248  |  -.0022457   .0008188    -2.74   0.006    -.0038511   -.0006404
                   249  |  -.0013909   .0008103    -1.72   0.086    -.0029796    .0001978
                   250  |  -.0005664   .0007021    -0.81   0.420     -.001943    .0008103
                   251  |  -.0003223   .0005316    -0.61   0.544    -.0013645      .00072
                   252  |  -.0005871   .0004031    -1.46   0.145    -.0013773    .0002031
                   253  |  -.0006001   .0003107    -1.93   0.053    -.0012092    8.95e-06
                   254  |  -.0003486   .0002217    -1.57   0.116    -.0007832    .0000861
                   255  |          0  (omitted)
                        |
             qdate#c.es |
                   248  |  -.0048503   .0008322    -5.83   0.000    -.0064819   -.0032187
                   249  |  -.0034756   .0008148    -4.27   0.000    -.0050731   -.0018782
                   250  |  -.0020505   .0007006    -2.93   0.003    -.0034242   -.0006769
                   251  |  -.0012769   .0005212    -2.45   0.014    -.0022986   -.0002551
                   252  |  -.0008521   .0003871    -2.20   0.028    -.0016111    -.000093
                   253  |   -.001141   .0002991    -3.82   0.000    -.0017273   -.0005546
                   254  |  -.0006435   .0002142    -3.00   0.003    -.0010634   -.0002237
                   255  |          0  (omitted)
                        |
             qdate#c.ws |
                   248  |   -.004393   .0008032    -5.47   0.000    -.0059677   -.0028183
                   249  |  -.0029421   .0007901    -3.72   0.000    -.0044911   -.0013931
                   250  |  -.0014606   .0006786    -2.15   0.031    -.0027912     -.00013
                   251  |  -.0007501   .0005093    -1.47   0.141    -.0017485    .0002484
                   252  |  -.0005496   .0003829    -1.44   0.151    -.0013004    .0002012
                   253  |  -.0007594   .0002943    -2.58   0.010    -.0013364   -.0001825
                   254  |  -.0005013   .0002081    -2.41   0.016    -.0009093   -.0000932
                   255  |          0  (omitted)
                        |
             qdate#c.mt |
                   248  |   .0001429   .0008873     0.16   0.872    -.0015967    .0018825
                   249  |   .0006874   .0008746     0.79   0.432    -.0010273     .002402
                   250  |   .0013266   .0007712     1.72   0.085    -.0001855    .0028387
                   251  |   .0012144   .0006055     2.01   0.045     .0000273    .0024014
                   252  |    .000417   .0004695     0.89   0.375    -.0005035    .0013374
                   253  |   .0000754   .0003758     0.20   0.841    -.0006615    .0008122
                   254  |  -.0000744   .0002672    -0.28   0.781    -.0005983    .0004495
                   255  |          0  (omitted)
                        |
                  _cons |   .0024445   .0007188     3.40   0.001     .0010353    .0038538
-----------------------------------------------------------------------------------------

Absorbed degrees of freedom:
-----------------------------------------------------+
 Absorbed FE | Categories  - Redundant  = Num. Coefs |
-------------+---------------------------------------|
      bankid |      3820        3820           0    *|
-----------------------------------------------------+
* = FE nested within cluster; treated as redundant for DoF computation

. 
. * Joint significance of {zS, zR, zH}×cum ΔFFR
. test c.sophistication_index#c.cum_d_ffr c.branch_density_z#c.cum_d_ffr c.hhi_z#c.cum_d_f
> fr

 ( 1)  c.sophistication_index_z#c.cum_d_ffr = 0
 ( 2)  c.branch_density_z#c.cum_d_ffr = 0
 ( 3)  c.hhi_z#c.cum_d_ffr = 0

       F(  3,  3819) =  152.84
            Prob > F =    0.0000

. 
. reghdfe cum_d_interest_rate_on_interest_ ///
>         c.sophistication_index#c.cum_d_ffr ///
>                 c.branch_density_z#c.cum_d_ffr ///
>                 c.hhi_z#c.cum_d_ffr ///
>                 c.metro_dummy#c.cum_d_ffr ///
>                 c.log_median_hh_income_z#c.cum_d_ffr ///
>         i.qdate ///
>         c.ne#i.qdate c.ma#i.qdate c.ec#i.qdate c.wc#i.qdate ///
>         c.sa#i.qdate c.es#i.qdate c.ws#i.qdate c.mt#i.qdate, ///
>         absorb(bankid) ///
>         cluster(bankid)
(dropped 29 singleton observations)
(MWFE estimator converged in 1 iterations)
note: 255.qdate#c.ne omitted because of collinearity
note: 255.qdate#c.ma omitted because of collinearity
note: 255.qdate#c.ec omitted because of collinearity
note: 255.qdate#c.wc omitted because of collinearity
note: 255.qdate#c.sa omitted because of collinearity
note: 255.qdate#c.es omitted because of collinearity
note: 255.qdate#c.ws omitted because of collinearity
note: 255.qdate#c.mt omitted because of collinearity

HDFE Linear regression                            Number of obs   =     28,822
Absorbing 1 HDFE group                            F(  68,   3819) =     436.91
Statistics robust to heteroskedasticity           Prob > F        =     0.0000
                                                  R-squared       =     0.8813
                                                  Adj R-squared   =     0.8627
                                                  Within R-sq.    =     0.8441
Number of clusters (bankid)  =      3,820         Root MSE        =     0.0033

                                        (Std. err. adjusted for 3,820 clusters in bankid)
-----------------------------------------------------------------------------------------
                        |               Robust
cum_d_interest_rate_o~_ | Coefficient  std. err.      t    P>|t|     [95% conf. interval]
------------------------+----------------------------------------------------------------
                     c. |
 sophistication_index_z#|
            c.cum_d_ffr |   .0004037   .0000576     7.01   0.000     .0002908    .0005166
                        |
     c.branch_density_z#|
            c.cum_d_ffr |  -.0008102   .0000472   -17.18   0.000    -.0009027   -.0007177
                        |
    c.hhi_z#c.cum_d_ffr |   -.000079   .0000263    -3.00   0.003    -.0001306   -.0000274
                        |
          c.metro_dummy#|
            c.cum_d_ffr |   .0003809   .0000677     5.63   0.000     .0002483    .0005136
                        |
                     c. |
 log_median_hh_income_z#|
            c.cum_d_ffr |  -.0001415   .0000565    -2.50   0.012    -.0002523   -.0000306
                        |
                  qdate |
                   249  |  -.0011431   .0001279    -8.94   0.000    -.0013938   -.0008924
                   250  |   -.001166   .0002407    -4.84   0.000     -.001638    -.000694
                   251  |   .0018311   .0004655     3.93   0.000     .0009185    .0027438
                   252  |   .0062358   .0006477     9.63   0.000     .0049661    .0075056
                   253  |   .0108174   .0006965    15.53   0.000     .0094519    .0121829
                   254  |   .0140139   .0007576    18.50   0.000     .0125284    .0154993
                   255  |   .0161269    .000792    20.36   0.000     .0145742    .0176796
                        |
             qdate#c.ne |
                   248  |   .0003512   .0011761     0.30   0.765    -.0019546     .002657
                   249  |   .0002514   .0011675     0.22   0.830    -.0020376    .0025404
                   250  |   .0001579   .0010349     0.15   0.879    -.0018711    .0021869
                   251  |  -.0008274   .0008314    -1.00   0.320    -.0024574    .0008026
                   252  |  -.0005613   .0006487    -0.87   0.387    -.0018331    .0007104
                   253  |  -.0003203   .0004626    -0.69   0.489    -.0012273    .0005867
                   254  |  -.0003822   .0003726    -1.03   0.305    -.0011127    .0003483
                   255  |          0  (omitted)
                        |
             qdate#c.ma |
                   248  |   -.001648    .000991    -1.66   0.096     -.003591    .0002949
                   249  |  -.0010362   .0009929    -1.04   0.297    -.0029829    .0009105
                   250  |   .0002702    .000875     0.31   0.758    -.0014453    .0019856
                   251  |   .0007374    .000683     1.08   0.280    -.0006017    .0020764
                   252  |   .0006456    .000541     1.19   0.233    -.0004152    .0017063
                   253  |   .0000127    .000408     0.03   0.975    -.0007872    .0008127
                   254  |  -.0002672   .0003188    -0.84   0.402    -.0008922    .0003579
                   255  |          0  (omitted)
                        |
             qdate#c.ec |
                   248  |  -.0000898   .0008181    -0.11   0.913    -.0016937    .0015141
                   249  |   .0008983    .000814     1.10   0.270    -.0006976    .0024942
                   250  |   .0019085   .0007049     2.71   0.007     .0005266    .0032905
                   251  |   .0017076   .0005262     3.25   0.001     .0006759    .0027392
                   252  |   .0010169   .0004177     2.43   0.015     .0001979    .0018359
                   253  |    .000012   .0003179     0.04   0.970    -.0006112    .0006352
                   254  |  -.0002894   .0002386    -1.21   0.225    -.0007572    .0001784
                   255  |          0  (omitted)
                        |
             qdate#c.wc |
                   248  |  -.0016472   .0008165    -2.02   0.044     -.003248   -.0000463
                   249  |  -.0004021   .0008063    -0.50   0.618    -.0019829    .0011788
                   250  |   .0009625   .0006919     1.39   0.164    -.0003941     .002319
                   251  |   .0011999    .000512     2.34   0.019     .0001962    .0022037
                   252  |   .0004694   .0004049     1.16   0.246    -.0003244    .0012633
                   253  |  -.0005281   .0003067    -1.72   0.085    -.0011295    .0000732
                   254  |  -.0004641   .0002266    -2.05   0.041    -.0009084   -.0000198
                   255  |          0  (omitted)
                        |
             qdate#c.sa |
                   248  |  -.0023451   .0008984    -2.61   0.009    -.0041065   -.0005837
                   249  |  -.0014718    .000884    -1.66   0.096    -.0032049    .0002613
                   250  |  -.0004309   .0007637    -0.56   0.573    -.0019282    .0010665
                   251  |  -.0004051   .0005739    -0.71   0.480    -.0015303    .0007202
                   252  |  -.0008633   .0004554    -1.90   0.058    -.0017562    .0000297
                   253  |  -.0007118   .0003489    -2.04   0.041    -.0013959   -.0000277
                   254  |  -.0004131   .0002582    -1.60   0.110    -.0009192     .000093
                   255  |          0  (omitted)
                        |
             qdate#c.es |
                   248  |  -.0046024   .0009078    -5.07   0.000    -.0063821   -.0028226
                   249  |  -.0030668   .0008795    -3.49   0.000    -.0047912   -.0013425
                   250  |  -.0013679   .0007521    -1.82   0.069    -.0028425    .0001066
                   251  |  -.0008655   .0005531    -1.56   0.118    -.0019498    .0002189
                   252  |  -.0005963   .0004323    -1.38   0.168    -.0014438    .0002512
                   253  |  -.0011432   .0003278    -3.49   0.000     -.001786   -.0005005
                   254  |  -.0006351   .0002453    -2.59   0.010    -.0011161   -.0001542
                   255  |          0  (omitted)
                        |
             qdate#c.ws |
                   248  |  -.0050584   .0008722    -5.80   0.000    -.0067684   -.0033483
                   249  |  -.0034572   .0008514    -4.06   0.000    -.0051265    -.001788
                   250  |  -.0015236   .0007287    -2.09   0.037    -.0029522    -.000095
                   251  |  -.0008303   .0005427    -1.53   0.126    -.0018944    .0002337
                   252  |  -.0006822    .000429    -1.59   0.112    -.0015233    .0001589
                   253  |  -.0009211   .0003244    -2.84   0.005     -.001557   -.0002851
                   254  |  -.0006247   .0002369    -2.64   0.008    -.0010892   -.0001601
                   255  |          0  (omitted)
                        |
             qdate#c.mt |
                   248  |   .0006367   .0010113     0.63   0.529     -.001346    .0026194
                   249  |    .001144   .0009844     1.16   0.245     -.000786    .0030739
                   250  |    .001816   .0008775     2.07   0.039     .0000956    .0035363
                   251  |   .0014111   .0006985     2.02   0.043     .0000417    .0027805
                   252  |   .0002798    .000569     0.49   0.623    -.0008357    .0013953
                   253  |  -.0001342   .0004474    -0.30   0.764    -.0010113    .0007429
                   254  |  -.0001541   .0003346    -0.46   0.645    -.0008101     .000502
                   255  |          0  (omitted)
                        |
                  _cons |   .0017554   .0007684     2.28   0.022      .000249    .0032618
-----------------------------------------------------------------------------------------

Absorbed degrees of freedom:
-----------------------------------------------------+
 Absorbed FE | Categories  - Redundant  = Num. Coefs |
-------------+---------------------------------------|
      bankid |      3820        3820           0    *|
-----------------------------------------------------+
* = FE nested within cluster; treated as redundant for DoF computation

. 
. * Joint significance of {zS, zR, zH}×cum ΔFFR
. test c.sophistication_index#c.cum_d_ffr c.branch_density_z#c.cum_d_ffr c.hhi_z#c.cum_d_f
> fr

 ( 1)  c.sophistication_index_z#c.cum_d_ffr = 0
 ( 2)  c.branch_density_z#c.cum_d_ffr = 0
 ( 3)  c.hhi_z#c.cum_d_ffr = 0

       F(  3,  3819) =  132.62
            Prob > F =    0.0000

. 
. * Outcome: d_average_interest_bearing_depos
. * All banks
. reghdfe d_core_deposit ///
>         c.sophistication_index#c.cum_d_ffr ///
>                 c.branch_density_z#c.cum_d_ffr ///
>                 c.hhi_z#c.cum_d_ffr ///
>                 c.metro_dummy#c.cum_d_ffr ///
>                 c.log_median_hh_income_z#c.cum_d_ffr ///
>         i.qdate ///
>         c.ne#i.qdate c.ma#i.qdate c.ec#i.qdate c.wc#i.qdate ///
>         c.sa#i.qdate c.es#i.qdate c.ws#i.qdate c.mt#i.qdate, ///
>         absorb(bankid) ///
>         cluster(bankid)
(dropped 43 singleton observations)
(MWFE estimator converged in 1 iterations)
note: 255.qdate#c.ne omitted because of collinearity
note: 255.qdate#c.ma omitted because of collinearity
note: 255.qdate#c.ec omitted because of collinearity
note: 255.qdate#c.wc omitted because of collinearity
note: 255.qdate#c.sa omitted because of collinearity
note: 255.qdate#c.es omitted because of collinearity
note: 255.qdate#c.ws omitted because of collinearity
note: 255.qdate#c.mt omitted because of collinearity

HDFE Linear regression                            Number of obs   =     30,657
Absorbing 1 HDFE group                            F(  68,   4142) =      23.89
Statistics robust to heteroskedasticity           Prob > F        =     0.0000
                                                  R-squared       =     0.1996
                                                  Adj R-squared   =     0.0721
                                                  Within R-sq.    =     0.0568
Number of clusters (bankid)  =      4,143         Root MSE        =     0.0557

                                        (Std. err. adjusted for 4,143 clusters in bankid)
-----------------------------------------------------------------------------------------
                        |               Robust
         d_core_deposit | Coefficient  std. err.      t    P>|t|     [95% conf. interval]
------------------------+----------------------------------------------------------------
                     c. |
 sophistication_index_z#|
            c.cum_d_ffr |   .0010035   .0004381     2.29   0.022     .0001445    .0018624
                        |
     c.branch_density_z#|
            c.cum_d_ffr |  -.0009233   .0002737    -3.37   0.001      -.00146   -.0003867
                        |
    c.hhi_z#c.cum_d_ffr |   .0003583   .0002109     1.70   0.089    -.0000551    .0007718
                        |
          c.metro_dummy#|
            c.cum_d_ffr |   .0003264   .0005235     0.62   0.533    -.0006998    .0013527
                        |
                     c. |
 log_median_hh_income_z#|
            c.cum_d_ffr |  -.0005945   .0004036    -1.47   0.141    -.0013857    .0001968
                        |
                  qdate |
                   249  |  -.0107213   .0067035    -1.60   0.110    -.0238637    .0024212
                   250  |  -.0063645   .0066549    -0.96   0.339    -.0194116    .0066826
                   251  |  -.0438998   .0075396    -5.82   0.000    -.0586814   -.0291182
                   252  |  -.0379635   .0079996    -4.75   0.000    -.0536471   -.0222799
                   253  |  -.0181348   .0068746    -2.64   0.008    -.0316126   -.0046569
                   254  |  -.0117112   .0073372    -1.60   0.111    -.0260962    .0026737
                   255  |  -.0230544   .0073925    -3.12   0.002    -.0375476   -.0085611
                        |
             qdate#c.ne |
                   248  |   .0143811    .011883     1.21   0.226    -.0089159    .0376781
                   249  |   .0023718   .0106941     0.22   0.824    -.0185943    .0233379
                   250  |  -.0034874   .0097261    -0.36   0.720    -.0225557    .0155809
                   251  |   .0103013   .0097086     1.06   0.289    -.0087327    .0293354
                   252  |    .011838    .011851     1.00   0.318    -.0113964    .0350724
                   253  |  -.0078907   .0099877    -0.79   0.430    -.0274719    .0116905
                   254  |   .0102851   .0115874     0.89   0.375    -.0124325    .0330026
                   255  |          0  (omitted)
                        |
             qdate#c.ma |
                   248  |   .0102886   .0097166     1.06   0.290    -.0087611    .0293384
                   249  |  -.0101495   .0089724    -1.13   0.258    -.0277402    .0074411
                   250  |  -.0013767   .0090244    -0.15   0.879    -.0190694     .016316
                   251  |   .0068093   .0087709     0.78   0.438    -.0103865     .024005
                   252  |   .0289689   .0094497     3.07   0.002     .0104423    .0474954
                   253  |   -.007946   .0087055    -0.91   0.361    -.0250135    .0091216
                   254  |   .0054044   .0095921     0.56   0.573    -.0134013    .0242101
                   255  |          0  (omitted)
                        |
             qdate#c.ec |
                   248  |  -.0045502   .0077996    -0.58   0.560    -.0198417    .0107412
                   249  |  -.0171538   .0066775    -2.57   0.010    -.0302453   -.0040622
                   250  |  -.0218186   .0069848    -3.12   0.002    -.0355127   -.0081246
                   251  |   .0069613   .0068416     1.02   0.309    -.0064518    .0203745
                   252  |   .0060778   .0070588     0.86   0.389    -.0077612    .0199167
                   253  |  -.0174969   .0069538    -2.52   0.012      -.03113   -.0038638
                   254  |  -.0141618   .0074176    -1.91   0.056    -.0287044    .0003808
                   255  |          0  (omitted)
                        |
             qdate#c.wc |
                   248  |  -.0047048   .0077724    -0.61   0.545    -.0199429    .0105334
                   249  |  -.0273613   .0065673    -4.17   0.000    -.0402368   -.0144859
                   250  |  -.0385087   .0068361    -5.63   0.000    -.0519112   -.0251062
                   251  |   .0031152   .0067636     0.46   0.645     -.010145    .0163754
                   252  |  -.0039935   .0070463    -0.57   0.571    -.0178081    .0098212
                   253  |  -.0363698   .0067536    -5.39   0.000    -.0496105    -.023129
                   254  |   -.029358   .0072692    -4.04   0.000    -.0436095   -.0151065
                   255  |          0  (omitted)
                        |
             qdate#c.sa |
                   248  |   .0164798   .0084303     1.95   0.051    -.0000481    .0330076
                   249  |   .0020973   .0072939     0.29   0.774    -.0122026    .0163972
                   250  |  -.0131489   .0077177    -1.70   0.089    -.0282797    .0019819
                   251  |   .0120469     .00746     1.61   0.106    -.0025788    .0266725
                   252  |   .0126551   .0076374     1.66   0.098    -.0023183    .0276285
                   253  |   -.010242   .0072528    -1.41   0.158    -.0244613    .0039774
                   254  |  -.0116086   .0078612    -1.48   0.140    -.0270207    .0038035
                   255  |          0  (omitted)
                        |
             qdate#c.es |
                   248  |  -.0015004   .0084194    -0.18   0.859     -.018007    .0150062
                   249  |  -.0104058   .0073253    -1.42   0.156    -.0247674    .0039558
                   250  |  -.0245183    .007359    -3.33   0.001    -.0389458   -.0100908
                   251  |   .0032243    .007312     0.44   0.659     -.011111    .0175597
                   252  |   .0151326   .0075373     2.01   0.045     .0003554    .0299098
                   253  |  -.0163944   .0072693    -2.26   0.024    -.0306461   -.0021427
                   254  |  -.0111647    .007734    -1.44   0.149    -.0263275    .0039982
                   255  |          0  (omitted)
                        |
             qdate#c.ws |
                   248  |  -.0039736   .0081388    -0.49   0.625      -.01993    .0119827
                   249  |  -.0105641   .0069614    -1.52   0.129    -.0242121     .003084
                   250  |   -.018249   .0071677    -2.55   0.011    -.0323016   -.0041963
                   251  |   .0058758   .0071349     0.82   0.410    -.0081125    .0198641
                   252  |  -.0008627   .0072933    -0.12   0.906    -.0151615    .0134361
                   253  |  -.0254177   .0070538    -3.60   0.000     -.039247   -.0115884
                   254  |  -.0157255    .007549    -2.08   0.037    -.0305256   -.0009253
                   255  |          0  (omitted)
                        |
             qdate#c.mt |
                   248  |   .0007697   .0102081     0.08   0.940    -.0192438    .0207831
                   249  |   -.009185   .0088944    -1.03   0.302    -.0266229    .0082529
                   250  |  -.0048485   .0091123    -0.53   0.595    -.0227135    .0130165
                   251  |   .0056488   .0087963     0.64   0.521    -.0115967    .0228942
                   252  |  -.0029237   .0098589    -0.30   0.767    -.0222523     .016405
                   253  |  -.0240749   .0095302    -2.53   0.012    -.0427593   -.0053905
                   254  |    .001044    .010227     0.10   0.919    -.0190064    .0210943
                   255  |          0  (omitted)
                        |
                  _cons |   .0315823   .0071845     4.40   0.000     .0174968    .0456678
-----------------------------------------------------------------------------------------

Absorbed degrees of freedom:
-----------------------------------------------------+
 Absorbed FE | Categories  - Redundant  = Num. Coefs |
-------------+---------------------------------------|
      bankid |      4143        4143           0    *|
-----------------------------------------------------+
* = FE nested within cluster; treated as redundant for DoF computation

. 
. * Joint significance of {zS, zR, zH}×cum ΔFFR
. test c.sophistication_index#c.cum_d_ffr c.branch_density_z#c.cum_d_ffr c.hhi_z#c.cum_d_f
> fr

 ( 1)  c.sophistication_index_z#c.cum_d_ffr = 0
 ( 2)  c.branch_density_z#c.cum_d_ffr = 0
 ( 3)  c.hhi_z#c.cum_d_ffr = 0

       F(  3,  4142) =    7.24
            Prob > F =    0.0001

. 
. reghdfe cum_d_core_deposit ///
>         c.sophistication_index#c.cum_d_ffr ///
>                 c.branch_density_z#c.cum_d_ffr ///
>                 c.hhi_z#c.cum_d_ffr ///
>                 c.metro_dummy#c.cum_d_ffr ///
>                 c.log_median_hh_income_z#c.cum_d_ffr ///
>         i.qdate ///
>         c.ne#i.qdate c.ma#i.qdate c.ec#i.qdate c.wc#i.qdate ///
>         c.sa#i.qdate c.es#i.qdate c.ws#i.qdate c.mt#i.qdate, ///
>         absorb(bankid) ///
>         cluster(bankid)
(dropped 29 singleton observations)
(MWFE estimator converged in 1 iterations)
note: 255.qdate#c.ne omitted because of collinearity
note: 255.qdate#c.ma omitted because of collinearity
note: 255.qdate#c.ec omitted because of collinearity
note: 255.qdate#c.wc omitted because of collinearity
note: 255.qdate#c.sa omitted because of collinearity
note: 255.qdate#c.es omitted because of collinearity
note: 255.qdate#c.ws omitted because of collinearity
note: 255.qdate#c.mt omitted because of collinearity

HDFE Linear regression                            Number of obs   =     28,822
Absorbing 1 HDFE group                            F(  68,   3819) =       9.13
Statistics robust to heteroskedasticity           Prob > F        =     0.0000
                                                  R-squared       =     0.7214
                                                  Adj R-squared   =     0.6780
                                                  Within R-sq.    =     0.0229
Number of clusters (bankid)  =      3,820         Root MSE        =     0.0656

                                        (Std. err. adjusted for 3,820 clusters in bankid)
-----------------------------------------------------------------------------------------
                        |               Robust
     cum_d_core_deposit | Coefficient  std. err.      t    P>|t|     [95% conf. interval]
------------------------+----------------------------------------------------------------
                     c. |
 sophistication_index_z#|
            c.cum_d_ffr |   .0005382   .0010474     0.51   0.607    -.0015152    .0025916
                        |
     c.branch_density_z#|
            c.cum_d_ffr |  -.0033335   .0006828    -4.88   0.000    -.0046722   -.0019948
                        |
    c.hhi_z#c.cum_d_ffr |  -.0001785   .0004435    -0.40   0.687    -.0010481     .000691
                        |
          c.metro_dummy#|
            c.cum_d_ffr |   .0005691   .0012055     0.47   0.637    -.0017943    .0029326
                        |
                     c. |
 log_median_hh_income_z#|
            c.cum_d_ffr |  -.0005003   .0010019    -0.50   0.618    -.0024646    .0014641
                        |
                  qdate |
                   249  |  -.0011947   .0043053    -0.28   0.781    -.0096356    .0072462
                   250  |   -.003466   .0067413    -0.51   0.607    -.0166829    .0097508
                   251  |  -.0351756   .0090673    -3.88   0.000    -.0529529   -.0173983
                   252  |  -.0571158   .0111224    -5.14   0.000    -.0789223   -.0353093
                   253  |  -.0626771   .0118722    -5.28   0.000    -.0859536   -.0394006
                   254  |  -.0533568   .0130061    -4.10   0.000    -.0788562   -.0278573
                   255  |  -.0679147   .0139801    -4.86   0.000    -.0953239   -.0405054
                        |
             qdate#c.ne |
                   248  |  -.0498694    .021168    -2.36   0.019     -.091371   -.0083677
                   249  |  -.0498686   .0185829    -2.68   0.007    -.0863019   -.0134352
                   250  |  -.0478055   .0168845    -2.83   0.005     -.080909   -.0147019
                   251  |  -.0325517   .0155729    -2.09   0.037    -.0630838   -.0020197
                   252  |  -.0201574   .0146328    -1.38   0.168    -.0488462    .0085314
                   253  |  -.0250154   .0122157    -2.05   0.041    -.0489653   -.0010655
                   254  |  -.0096039   .0079905    -1.20   0.229    -.0252699    .0060621
                   255  |          0  (omitted)
                        |
             qdate#c.ma |
                   248  |  -.0628886   .0178324    -3.53   0.000    -.0978506   -.0279267
                   249  |  -.0652272   .0168768    -3.86   0.000    -.0983156   -.0321389
                   250  |  -.0534808   .0148957    -3.59   0.000    -.0826852   -.0242765
                   251  |  -.0432298    .012718    -3.40   0.001    -.0681646   -.0182951
                   252  |  -.0097113   .0109647    -0.89   0.376    -.0312084    .0117859
                   253  |  -.0103858   .0091386    -1.14   0.256    -.0283029    .0075313
                   254  |  -.0111135   .0071408    -1.56   0.120    -.0251136    .0028866
                   255  |          0  (omitted)
                        |
             qdate#c.ec |
                   248  |  -.0735003   .0145815    -5.04   0.000    -.1020885   -.0449121
                   249  |  -.0705004   .0134252    -5.25   0.000    -.0968218   -.0441791
                   250  |  -.0653703   .0122164    -5.35   0.000    -.0893217    -.041419
                   251  |  -.0400531   .0101041    -3.96   0.000     -.059863   -.0202433
                   252  |  -.0201003   .0083301    -2.41   0.016    -.0364322   -.0037684
                   253  |  -.0188569      .0068    -2.77   0.006    -.0321889   -.0055249
                   254  |  -.0230916   .0056557    -4.08   0.000    -.0341802   -.0120031
                   255  |          0  (omitted)
                        |
             qdate#c.wc |
                   248  |  -.0705451   .0143452    -4.92   0.000    -.0986701     -.04242
                   249  |  -.0672385   .0131976    -5.09   0.000    -.0931135   -.0413635
                   250  |  -.0692187   .0120381    -5.75   0.000    -.0928203    -.045617
                   251  |  -.0362945   .0099524    -3.65   0.000     -.055807   -.0167819
                   252  |    -.01527   .0082427    -1.85   0.064    -.0314306    .0008905
                   253  |  -.0228529   .0066995    -3.41   0.001    -.0359877    -.009718
                   254  |  -.0319789   .0055353    -5.78   0.000    -.0428313   -.0211265
                   255  |          0  (omitted)
                        |
             qdate#c.sa |
                   248  |  -.0829193   .0164826    -5.03   0.000    -.1152349   -.0506036
                   249  |  -.0691865   .0150145    -4.61   0.000    -.0986237   -.0397492
                   250  |  -.0618993   .0135928    -4.55   0.000    -.0885492   -.0352493
                   251  |  -.0384048   .0112879    -3.40   0.001    -.0605356    -.016274
                   252  |  -.0137407   .0091315    -1.50   0.132    -.0316437    .0041623
                   253  |  -.0110788   .0074316    -1.49   0.136    -.0256491    .0034915
                   254  |  -.0160892   .0060127    -2.68   0.007    -.0278776   -.0043007
                   255  |          0  (omitted)
                        |
             qdate#c.es |
                   248  |  -.1048532   .0166693    -6.29   0.000    -.1375348   -.0721716
                   249  |  -.0893389   .0150821    -5.92   0.000    -.1189088   -.0597691
                   250  |   -.086313   .0134042    -6.44   0.000    -.1125931   -.0600328
                   251  |  -.0615333   .0110986    -5.54   0.000    -.0832931   -.0397735
                   252  |  -.0270176   .0089781    -3.01   0.003      -.04462   -.0094152
                   253  |  -.0236829   .0074144    -3.19   0.001    -.0382196   -.0091463
                   254  |  -.0244318   .0059547    -4.10   0.000    -.0361066    -.012757
                   255  |          0  (omitted)
                        |
             qdate#c.ws |
                   248  |  -.0819452   .0156035    -5.25   0.000    -.1125371   -.0513532
                   249  |  -.0661563   .0141805    -4.67   0.000    -.0939583   -.0383543
                   250  |  -.0576633   .0127693    -4.52   0.000    -.0826985    -.032628
                   251  |  -.0296882   .0105135    -2.82   0.005    -.0503008   -.0090756
                   252  |  -.0121556   .0086638    -1.40   0.161    -.0291417    .0048305
                   253  |  -.0154596    .007003    -2.21   0.027    -.0291896   -.0017296
                   254  |  -.0206391   .0058071    -3.55   0.000    -.0320243   -.0092538
                   255  |          0  (omitted)
                        |
             qdate#c.mt |
                   248  |  -.0680431   .0190638    -3.57   0.000    -.1054193   -.0306669
                   249  |  -.0635332   .0172121    -3.69   0.000     -.097279   -.0297873
                   250  |  -.0444368   .0154425    -2.88   0.004    -.0747131   -.0141605
                   251  |  -.0232963   .0132834    -1.75   0.080    -.0493396     .002747
                   252  |  -.0156803   .0112197    -1.40   0.162    -.0376776    .0063169
                   253  |  -.0196279   .0092555    -2.12   0.034     -.037774   -.0014817
                   254  |  -.0150254   .0080565    -1.87   0.062    -.0308208      .00077
                   255  |          0  (omitted)
                        |
                  _cons |   .1049006   .0135081     7.77   0.000     .0784169    .1313844
-----------------------------------------------------------------------------------------

Absorbed degrees of freedom:
-----------------------------------------------------+
 Absorbed FE | Categories  - Redundant  = Num. Coefs |
-------------+---------------------------------------|
      bankid |      3820        3820           0    *|
-----------------------------------------------------+
* = FE nested within cluster; treated as redundant for DoF computation

. 
. * Joint significance of {zS, zR, zH}×cum ΔFFR
. test c.sophistication_index#c.cum_d_ffr c.branch_density_z#c.cum_d_ffr c.hhi_z#c.cum_d_f
> fr

 ( 1)  c.sophistication_index_z#c.cum_d_ffr = 0
 ( 2)  c.branch_density_z#c.cum_d_ffr = 0
 ( 3)  c.hhi_z#c.cum_d_ffr = 0

       F(  3,  3819) =    8.39
            Prob > F =    0.0000

. 
. *------------------------------------------------------
. * 5. Stage-2 IV regressions (baseline, no lagged bank controls)
. *  - Endogenous regressor: cum_d_interest_rate_on_deposit (cum Δ deposit rate)
. *  - Instrument set: zS, zR, zH × cum ΔFFR
. *  - Controls: bank FE, quarter FE, region×quarter controls
. *  - Weak-ID diagnostics (KP rk tests) reported in the log
. *------------------------------------------------------
. 
. * Loans not for sale — all banks
. ivreghdfe d_total_loans_not_for_sale ///
>                 c.metro_dummy#c.cum_d_ffr ///
>                 c.log_median_hh_income_z#c.cum_d_ffr ///
>         i.qdate ///
>         c.ne#i.qdate c.ma#i.qdate c.ec#i.qdate c.wc#i.qdate ///
>         c.sa#i.qdate c.es#i.qdate c.ws#i.qdate c.mt#i.qdate ///
>         (cum_d_interest_rate_on_deposit = c.sophistication_index#c.cum_d_ffr c.branch_de
> nsity_z#c.cum_d_ffr c.hhi_z#c.cum_d_ffr), ///
>         absorb(bankid) ///
>         cluster(bankid)
(dropped 29 singleton observations)
(MWFE estimator converged in 1 iterations)

IV (2SLS) estimation
--------------------

Estimates efficient for homoskedasticity only
Statistics robust to heteroskedasticity and clustering on bankid

Number of clusters (bankid) =     3820                Number of obs =    28822
                                                      F( 66,  3819) =    35.20
                                                      Prob > F      =   0.0000
Total (centered) SS     =  39.97704482                Centered R2   =   0.1176
Total (uncentered) SS   =  39.97704482                Uncentered R2 =   0.1176
Residual SS             =  35.27514604                Root MSE      =   .03502

-----------------------------------------------------------------------------------------
                        |               Robust
d_total_loans_not_for~e | Coefficient  std. err.      t    P>|t|     [95% conf. interval]
------------------------+----------------------------------------------------------------
cum_d_interest_rate_o~t |  -.8236099    .276385    -2.98   0.003    -1.365486   -.2817334
                        |
          c.metro_dummy#|
            c.cum_d_ffr |  -.0013807   .0004346    -3.18   0.001    -.0022327   -.0005286
                        |
                     c. |
 log_median_hh_income_z#|
            c.cum_d_ffr |   .0002036   .0002254     0.90   0.366    -.0002383    .0006454
                        |
                  qdate |
                   248  |          0  (empty)
                   249  |   .0313337   .0044503     7.04   0.000     .0226085    .0400589
                   250  |   .0206204   .0047362     4.35   0.000     .0113348    .0299061
                   251  |   .0278521   .0046136     6.04   0.000     .0188067    .0368975
                   252  |   .0114258   .0045875     2.49   0.013     .0024315      .02042
                   253  |   .0186408   .0053994     3.45   0.001     .0080548    .0292269
                   254  |   .0162615    .005433     2.99   0.003     .0056095    .0269134
                   255  |   .0252745   .0059294     4.26   0.000     .0136495    .0368995
                        |
             qdate#c.ne |
                   248  |   .0083626   .0072643     1.15   0.250    -.0058798     .022605
                   249  |  -.0028666   .0073633    -0.39   0.697    -.0173029    .0115698
                   250  |   .0079963   .0082581     0.97   0.333    -.0081944     .024187
                   251  |   .0006821   .0058213     0.12   0.907    -.0107311    .0120953
                   252  |   .0068659   .0052198     1.32   0.188    -.0033679    .0170997
                   253  |   .0022664   .0053764     0.42   0.673    -.0082746    .0128073
                   254  |   .0105643   .0048708     2.17   0.030     .0010147    .0201138
                   255  |          0  (omitted)
                        |
             qdate#c.ma |
                   248  |   .0029175   .0053495     0.55   0.586    -.0075707    .0134057
                   249  |  -.0097115   .0053876    -1.80   0.072    -.0202743    .0008513
                   250  |   .0008285   .0051379     0.16   0.872    -.0092448    .0109018
                   251  |  -.0064403   .0047003    -1.37   0.171    -.0156557    .0027751
                   252  |   .0033002   .0039267     0.84   0.401    -.0043985    .0109989
                   253  |          0  (omitted)
                   254  |   .0012904   .0032636     0.40   0.693    -.0051081     .007689
                   255  |  -.0074794   .0040308    -1.86   0.064    -.0153822    .0004234
                        |
             qdate#c.ec |
                   248  |  -.0148148   .0049282    -3.01   0.003    -.0244769   -.0051527
                   249  |  -.0066422   .0047559    -1.40   0.163    -.0159666    .0026822
                   250  |   .0012356   .0045125     0.27   0.784    -.0076115    .0100828
                   251  |   -.005119   .0042578    -1.20   0.229    -.0134668    .0032288
                   252  |  -.0121756   .0036431    -3.34   0.001    -.0193183   -.0050329
                   253  |          0  (omitted)
                   254  |   .0001266   .0029395     0.04   0.966    -.0056366    .0058899
                   255  |  -.0069222   .0037151    -1.86   0.063    -.0142059    .0003615
                        |
             qdate#c.wc |
                   248  |   .0004983   .0044451     0.11   0.911    -.0082168    .0092133
                   249  |   .0119181   .0049002     2.43   0.015      .002311    .0215253
                   250  |   .0242139   .0040053     6.05   0.000     .0163612    .0320667
                   251  |   .0170834   .0039135     4.37   0.000     .0094106    .0247561
                   252  |          0  (omitted)
                   253  |   .0292069    .003667     7.96   0.000     .0220174    .0363964
                   254  |   .0270405   .0034336     7.88   0.000     .0203086    .0337724
                   255  |   .0209712    .003963     5.29   0.000     .0132015     .028741
                        |
             qdate#c.sa |
                   248  |  -.0028198   .0053091    -0.53   0.595    -.0132286    .0075891
                   249  |  -.0058068   .0051781    -1.12   0.262    -.0159589    .0043453
                   250  |    .002829   .0047776     0.59   0.554    -.0065379    .0121959
                   251  |  -.0065102    .004614    -1.41   0.158    -.0155564    .0025361
                   252  |   .0010438   .0038001     0.27   0.784    -.0064067    .0084943
                   253  |          0  (omitted)
                   254  |  -.0014498    .003191    -0.45   0.650     -.007706    .0048063
                   255  |  -.0075492   .0041101    -1.84   0.066    -.0156073    .0005089
                        |
             qdate#c.es |
                   248  |  -.0034643          .        .       .            .           .
                   249  |  -.0084574    .005201    -1.63   0.104    -.0186545    .0017397
                   250  |   .0037864   .0053437     0.71   0.479    -.0066904    .0142632
                   251  |  -.0079364   .0053029    -1.50   0.135    -.0183331    .0024604
                   252  |  -.0017146   .0049891    -0.34   0.731    -.0114961     .008067
                   253  |  -.0031322   .0053325    -0.59   0.557     -.013587    .0073225
                   254  |          0   .0051325     0.00   1.000    -.0100628    .0100628
                   255  |  -.0081695   .0053171    -1.54   0.125    -.0185941    .0022551
                        |
             qdate#c.ws |
                   248  |   .0006265   .0052108     0.12   0.904    -.0095897    .0108427
                   249  |   .0004931   .0051276     0.10   0.923      -.00956    .0105463
                   250  |   .0067613    .004762     1.42   0.156     -.002575    .0160976
                   251  |          0  (omitted)
                   252  |   .0062302   .0040942     1.52   0.128    -.0017968    .0142572
                   253  |   .0087995   .0046947     1.87   0.061    -.0004049    .0180038
                   254  |   .0020495   .0042218     0.49   0.627    -.0062276    .0103266
                   255  |  -.0040562   .0043099    -0.94   0.347    -.0125061    .0043936
                        |
             qdate#c.mt |
                   248  |  -.0024013   .0066705    -0.36   0.719    -.0154794    .0106769
                   249  |          0  (omitted)
                   250  |  -.0007319   .0062842    -0.12   0.907    -.0130527    .0115888
                   251  |  -.0093714   .0068504    -1.37   0.171    -.0228023    .0040594
                   252  |  -.0001878   .0066925    -0.03   0.978    -.0133089    .0129333
                   253  |   .0128602   .0067976     1.89   0.059    -.0004671    .0261875
                   254  |   .0032902   .0063556     0.52   0.605    -.0091704    .0157509
                   255  |  -.0112566   .0075222    -1.50   0.135    -.0260046    .0034914
-----------------------------------------------------------------------------------------
Underidentification test (Kleibergen-Paap rk LM statistic):            298.029
                                                   Chi-sq(3) P-val =    0.0000
------------------------------------------------------------------------------
Weak identification test (Cragg-Donald Wald F statistic):             1380.268
                         (Kleibergen-Paap rk Wald F statistic):        152.799
Stock-Yogo weak ID test critical values:  5% maximal IV relative bias    13.91
                                         10% maximal IV relative bias     9.08
                                         20% maximal IV relative bias     6.46
                                         30% maximal IV relative bias     5.39
                                         10% maximal IV size             22.30
                                         15% maximal IV size             12.83
                                         20% maximal IV size              9.54
                                         25% maximal IV size              7.80
Source: Stock-Yogo (2005).  Reproduced by permission.
NB: Critical values are for Cragg-Donald F statistic and i.i.d. errors.
------------------------------------------------------------------------------
Warning: estimated covariance matrix of moment conditions not of full rank.
         overidentification statistic not reported, and standard errors and
         model tests should be interpreted with caution.
Possible causes:
         number of clusters insufficient to calculate robust covariance matrix
         singleton dummy variable (dummy with one 1 and N-1 0s or vice versa)
partial option may address problem.
------------------------------------------------------------------------------
Collinearities detected among instruments: 8 instrument(s) dropped
Instrumented:         cum_d_interest_rate_on_deposit
Included instruments: c.metro_dummy#c.cum_d_ffr
                      c.log_median_hh_income_z#c.cum_d_ffr 249.qdate 250.qdate
                      251.qdate 252.qdate 253.qdate 254.qdate 255.qdate
                      248b.qdate#c.ne 249.qdate#c.ne 250.qdate#c.ne
                      251.qdate#c.ne 252.qdate#c.ne 253.qdate#c.ne
                      254.qdate#c.ne 255.qdate#c.ne 248b.qdate#c.ma
                      249.qdate#c.ma 250.qdate#c.ma 251.qdate#c.ma
                      252.qdate#c.ma 253.qdate#c.ma 254.qdate#c.ma
                      255.qdate#c.ma 248b.qdate#c.ec 249.qdate#c.ec
                      250.qdate#c.ec 251.qdate#c.ec 252.qdate#c.ec
                      253.qdate#c.ec 254.qdate#c.ec 255.qdate#c.ec
                      248b.qdate#c.wc 249.qdate#c.wc 250.qdate#c.wc
                      251.qdate#c.wc 252.qdate#c.wc 253.qdate#c.wc
                      254.qdate#c.wc 255.qdate#c.wc 248b.qdate#c.sa
                      249.qdate#c.sa 250.qdate#c.sa 251.qdate#c.sa
                      252.qdate#c.sa 253.qdate#c.sa 254.qdate#c.sa
                      255.qdate#c.sa 248b.qdate#c.es 249.qdate#c.es
                      250.qdate#c.es 251.qdate#c.es 252.qdate#c.es
                      253.qdate#c.es 254.qdate#c.es 255.qdate#c.es
                      248b.qdate#c.ws 249.qdate#c.ws 250.qdate#c.ws
                      251.qdate#c.ws 252.qdate#c.ws 253.qdate#c.ws
                      254.qdate#c.ws 255.qdate#c.ws 248b.qdate#c.mt
                      249.qdate#c.mt 250.qdate#c.mt 251.qdate#c.mt
                      252.qdate#c.mt 253.qdate#c.mt 254.qdate#c.mt
                      255.qdate#c.mt
Excluded instruments: c.sophistication_index_z#c.cum_d_ffr
                      c.branch_density_z#c.cum_d_ffr c.hhi_z#c.cum_d_ffr
Partialled-out:       _cons
                      nb: total SS, model F and R2s are after partialling-out;
                          any small-sample adjustments include partialled-out
                          variables in regressor count K
------------------------------------------------------------------------------

Absorbed degrees of freedom:
-----------------------------------------------------+
 Absorbed FE | Categories  - Redundant  = Num. Coefs |
-------------+---------------------------------------|
      bankid |      3820        3820           0    *|
-----------------------------------------------------+
* = FE nested within cluster; treated as redundant for DoF computation

. 
. ivreghdfe d_total_loans_not_for_sale ///
>                 c.metro_dummy#c.cum_d_ffr ///
>                 c.log_median_hh_income_z#c.cum_d_ffr ///
>         i.qdate ///
>         c.ne#i.qdate c.ma#i.qdate c.ec#i.qdate c.wc#i.qdate ///
>         c.sa#i.qdate c.es#i.qdate c.ws#i.qdate c.mt#i.qdate ///
>         (cum_d_interest_rate_on_interest_ = c.sophistication_index#c.cum_d_ffr c.branch_
> density_z#c.cum_d_ffr c.hhi_z#c.cum_d_ffr), ///
>         absorb(bankid) ///
>         cluster(bankid)
(dropped 29 singleton observations)
(MWFE estimator converged in 1 iterations)

IV (2SLS) estimation
--------------------

Estimates efficient for homoskedasticity only
Statistics robust to heteroskedasticity and clustering on bankid

Number of clusters (bankid) =     3820                Number of obs =    28822
                                                      F( 66,  3819) =    48.32
                                                      Prob > F      =   0.0000
Total (centered) SS     =  39.97704482                Centered R2   =   0.1172
Total (uncentered) SS   =  39.97704482                Uncentered R2 =   0.1172
Residual SS             =  35.28993636                Root MSE      =   .03503

-----------------------------------------------------------------------------------------
                        |               Robust
d_total_loans_not_for~e | Coefficient  std. err.      t    P>|t|     [95% conf. interval]
------------------------+----------------------------------------------------------------
cum_d_interest_rate_o~_ |  -.7121358   .2378656    -2.99   0.003    -1.178492     -.24578
                        |
          c.metro_dummy#|
            c.cum_d_ffr |  -.0012991   .0004439    -2.93   0.003    -.0021694   -.0004288
                        |
                     c. |
 log_median_hh_income_z#|
            c.cum_d_ffr |   .0002246   .0002282     0.98   0.325    -.0002229    .0006721
                        |
                  qdate |
                   248  |          0  (empty)
                   249  |   .0313809   .0044447     7.06   0.000     .0226668    .0400951
                   250  |   .0207244   .0047323     4.38   0.000     .0114463    .0300025
                   251  |   .0284857   .0046383     6.14   0.000     .0193919    .0375795
                   252  |    .012602   .0047069     2.68   0.007     .0033737    .0218302
                   253  |   .0202588   .0056653     3.58   0.000     .0091514    .0313661
                   254  |   .0181923   .0058132     3.13   0.002      .006795    .0295896
                   255  |   .0273877   .0063725     4.30   0.000     .0148939    .0398815
                        |
             qdate#c.ne |
                   248  |   .0098115   .0072742     1.35   0.177    -.0044501    .0240731
                   249  |  -.0015473   .0073639    -0.21   0.834    -.0159849    .0128903
                   250  |   .0092315    .008291     1.11   0.266    -.0070237    .0254867
                   251  |    .001518   .0058175     0.26   0.794    -.0098877    .0129238
                   252  |   .0073365   .0052285     1.40   0.161    -.0029145    .0175874
                   253  |   .0024583   .0053702     0.46   0.647    -.0080704     .012987
                   254  |   .0106582   .0048707     2.19   0.029     .0011087    .0202077
                   255  |          0  (omitted)
                        |
             qdate#c.ma |
                   248  |   .0038318   .0053331     0.72   0.473    -.0066243    .0142879
                   249  |  -.0088446   .0053702    -1.65   0.100    -.0193733    .0016841
                   250  |   .0016654   .0051265     0.32   0.745    -.0083855    .0117162
                   251  |  -.0058465   .0047038    -1.24   0.214    -.0150688    .0033757
                   252  |   .0035291   .0039289     0.90   0.369    -.0041737     .011232
                   253  |          0  (omitted)
                   254  |   .0011413   .0032558     0.35   0.726    -.0052419    .0075245
                   255  |  -.0077372   .0040154    -1.93   0.054    -.0156098    .0001354
                        |
             qdate#c.ec |
                   248  |  -.0138696    .004945    -2.80   0.005    -.0235647   -.0041745
                   249  |  -.0057745     .00477    -1.21   0.226    -.0151264    .0035774
                   250  |   .0021071   .0045344     0.46   0.642    -.0067829     .010997
                   251  |  -.0045576   .0042681    -1.07   0.286    -.0129256    .0038104
                   252  |  -.0119121   .0036499    -3.26   0.001    -.0190681   -.0047562
                   253  |          0  (omitted)
                   254  |  -.0000569    .002932    -0.02   0.985    -.0058053    .0056915
                   255  |  -.0071812   .0037029    -1.94   0.053     -.014441    .0000785
                        |
             qdate#c.wc |
                   248  |   .0011516   .0045918     0.25   0.802    -.0078509    .0101541
                   249  |   .0124886   .0044875     2.78   0.005     .0036904    .0212868
                   250  |   .0248002   .0041117     6.03   0.000     .0167389    .0328614
                   251  |   .0173872   .0039006     4.46   0.000     .0097398    .0250347
                   252  |          0   .0034372     0.00   1.000     -.006739     .006739
                   253  |   .0289287   .0029213     9.90   0.000     .0232012    .0346563
                   254  |   .0265908          .        .       .            .           .
                   255  |   .0204671   .0030199     6.78   0.000     .0145463    .0263878
                        |
             qdate#c.sa |
                   248  |  -.0026299   .0053017    -0.50   0.620    -.0130243    .0077646
                   249  |  -.0056984   .0051719    -1.10   0.271    -.0158384    .0044417
                   250  |   .0030003   .0047724     0.63   0.530    -.0063564     .012357
                   251  |   -.006521   .0045995    -1.42   0.156    -.0155387    .0024966
                   252  |   .0009251    .003798     0.24   0.808    -.0065211    .0083714
                   253  |          0  (omitted)
                   254  |  -.0014445   .0031825    -0.45   0.650    -.0076842    .0047951
                   255  |  -.0075367   .0040996    -1.84   0.066    -.0155743     .000501
                        |
             qdate#c.es |
                   248  |          0   .0051076     0.00   1.000    -.0100138    .0100138
                   249  |  -.0050311   .0050284    -1.00   0.317    -.0148896    .0048274
                   250  |   .0072496   .0045583     1.59   0.112    -.0016873    .0161866
                   251  |  -.0047519   .0040641    -1.17   0.242    -.0127199    .0032162
                   252  |   .0013124   .0036687     0.36   0.721    -.0058804    .0085052
                   253  |  -.0002565   .0031695    -0.08   0.936    -.0064706    .0059576
                   254  |    .002828          .        .       .            .           .
                   255  |   -.005419   .0033191    -1.63   0.103    -.0119264    .0010883
                        |
             qdate#c.ws |
                   248  |   .0006072   .0047418     0.13   0.898    -.0086894    .0099038
                   249  |   .0004219   .0051472     0.08   0.935    -.0096695    .0105134
                   250  |   .0068501   .0042475     1.61   0.107    -.0014775    .0151777
                   251  |          0   .0040824     0.00   1.000     -.008004     .008004
                   252  |    .006172          .        .       .            .           .
                   253  |   .0087447   .0037344     2.34   0.019     .0014231    .0160664
                   254  |   .0019936   .0035292     0.56   0.572    -.0049258    .0089129
                   255  |  -.0040797   .0040701    -1.00   0.316    -.0120594    .0039001
                        |
             qdate#c.mt |
                   248  |  -.0023146   .0066669    -0.35   0.728    -.0153857    .0107564
                   249  |          0  (omitted)
                   250  |  -.0007805   .0062798    -0.12   0.901    -.0130926    .0115316
                   251  |  -.0096161   .0068356    -1.41   0.160    -.0230179    .0037857
                   252  |  -.0005817   .0066739    -0.09   0.931    -.0136665     .012503
                   253  |   .0124525   .0067803     1.84   0.066    -.0008409     .025746
                   254  |   .0029904   .0063433     0.47   0.637    -.0094463     .015427
                   255  |  -.0115074   .0075283    -1.53   0.126    -.0262672    .0032525
-----------------------------------------------------------------------------------------
Underidentification test (Kleibergen-Paap rk LM statistic):            334.544
                                                   Chi-sq(3) P-val =    0.0000
------------------------------------------------------------------------------
Weak identification test (Cragg-Donald Wald F statistic):             1275.690
                         (Kleibergen-Paap rk Wald F statistic):        132.585
Stock-Yogo weak ID test critical values:  5% maximal IV relative bias    13.91
                                         10% maximal IV relative bias     9.08
                                         20% maximal IV relative bias     6.46
                                         30% maximal IV relative bias     5.39
                                         10% maximal IV size             22.30
                                         15% maximal IV size             12.83
                                         20% maximal IV size              9.54
                                         25% maximal IV size              7.80
Source: Stock-Yogo (2005).  Reproduced by permission.
NB: Critical values are for Cragg-Donald F statistic and i.i.d. errors.
------------------------------------------------------------------------------
Warning: estimated covariance matrix of moment conditions not of full rank.
         overidentification statistic not reported, and standard errors and
         model tests should be interpreted with caution.
Possible causes:
         number of clusters insufficient to calculate robust covariance matrix
         singleton dummy variable (dummy with one 1 and N-1 0s or vice versa)
partial option may address problem.
------------------------------------------------------------------------------
Collinearities detected among instruments: 8 instrument(s) dropped
Instrumented:         cum_d_interest_rate_on_interest_
Included instruments: c.metro_dummy#c.cum_d_ffr
                      c.log_median_hh_income_z#c.cum_d_ffr 249.qdate 250.qdate
                      251.qdate 252.qdate 253.qdate 254.qdate 255.qdate
                      248b.qdate#c.ne 249.qdate#c.ne 250.qdate#c.ne
                      251.qdate#c.ne 252.qdate#c.ne 253.qdate#c.ne
                      254.qdate#c.ne 255.qdate#c.ne 248b.qdate#c.ma
                      249.qdate#c.ma 250.qdate#c.ma 251.qdate#c.ma
                      252.qdate#c.ma 253.qdate#c.ma 254.qdate#c.ma
                      255.qdate#c.ma 248b.qdate#c.ec 249.qdate#c.ec
                      250.qdate#c.ec 251.qdate#c.ec 252.qdate#c.ec
                      253.qdate#c.ec 254.qdate#c.ec 255.qdate#c.ec
                      248b.qdate#c.wc 249.qdate#c.wc 250.qdate#c.wc
                      251.qdate#c.wc 252.qdate#c.wc 253.qdate#c.wc
                      254.qdate#c.wc 255.qdate#c.wc 248b.qdate#c.sa
                      249.qdate#c.sa 250.qdate#c.sa 251.qdate#c.sa
                      252.qdate#c.sa 253.qdate#c.sa 254.qdate#c.sa
                      255.qdate#c.sa 248b.qdate#c.es 249.qdate#c.es
                      250.qdate#c.es 251.qdate#c.es 252.qdate#c.es
                      253.qdate#c.es 254.qdate#c.es 255.qdate#c.es
                      248b.qdate#c.ws 249.qdate#c.ws 250.qdate#c.ws
                      251.qdate#c.ws 252.qdate#c.ws 253.qdate#c.ws
                      254.qdate#c.ws 255.qdate#c.ws 248b.qdate#c.mt
                      249.qdate#c.mt 250.qdate#c.mt 251.qdate#c.mt
                      252.qdate#c.mt 253.qdate#c.mt 254.qdate#c.mt
                      255.qdate#c.mt
Excluded instruments: c.sophistication_index_z#c.cum_d_ffr
                      c.branch_density_z#c.cum_d_ffr c.hhi_z#c.cum_d_ffr
Partialled-out:       _cons
                      nb: total SS, model F and R2s are after partialling-out;
                          any small-sample adjustments include partialled-out
                          variables in regressor count K
------------------------------------------------------------------------------

Absorbed degrees of freedom:
-----------------------------------------------------+
 Absorbed FE | Categories  - Redundant  = Num. Coefs |
-------------+---------------------------------------|
      bankid |      3820        3820           0    *|
-----------------------------------------------------+
* = FE nested within cluster; treated as redundant for DoF computation

. 
. ivreghdfe d_total_loans_not_for_sale ///
>                 c.metro_dummy#c.cum_d_ffr ///
>                 c.log_median_hh_income_z#c.cum_d_ffr ///
>         i.qdate ///
>         c.ne#i.qdate c.ma#i.qdate c.ec#i.qdate c.wc#i.qdate ///
>         c.sa#i.qdate c.es#i.qdate c.ws#i.qdate c.mt#i.qdate ///
>         (d_core_deposit = c.sophistication_index#c.cum_d_ffr c.branch_density_z#c.cum_d_
> ffr c.hhi_z#c.cum_d_ffr), ///
>         absorb(bankid) ///
>         cluster(bankid)
(dropped 43 singleton observations)
(MWFE estimator converged in 1 iterations)

IV (2SLS) estimation
--------------------

Estimates efficient for homoskedasticity only
Statistics robust to heteroskedasticity and clustering on bankid

Number of clusters (bankid) =     4143                Number of obs =    30657
                                                      F( 66,  4142) =    32.67
                                                      Prob > F      =   0.0000
Total (centered) SS     =  44.17949146                Centered R2   =  -0.0992
Total (uncentered) SS   =  44.17949146                Uncentered R2 =  -0.0992
Residual SS             =  48.56383731                Root MSE      =   .03984

-----------------------------------------------------------------------------------------
                        |               Robust
d_total_loans_not_for~e | Coefficient  std. err.      t    P>|t|     [95% conf. interval]
------------------------+----------------------------------------------------------------
         d_core_deposit |  -.2917832   .1820065    -1.60   0.109    -.6486137    .0650474
                        |
          c.metro_dummy#|
            c.cum_d_ffr |  -.0017322   .0004565    -3.79   0.000    -.0026273   -.0008371
                        |
                     c. |
 log_median_hh_income_z#|
            c.cum_d_ffr |   .0001194   .0002373     0.50   0.615    -.0003459    .0005847
                        |
                  qdate |
                   248  |          0  (empty)
                   249  |   .0310911   .0053167     5.85   0.000     .0206675    .0415146
                   250  |   .0190742   .0053484     3.57   0.000     .0085886    .0295598
                   251  |   .0147009   .0092245     1.59   0.111    -.0033841    .0327859
                   252  |  -.0027236   .0082587    -0.33   0.742    -.0189151    .0134679
                   253  |   .0073389   .0059051     1.24   0.214    -.0042383    .0189162
                   254  |   .0042639   .0055135     0.77   0.439    -.0065455    .0150732
                   255  |   .0066231   .0063762     1.04   0.299    -.0058776    .0191239
                        |
             qdate#c.ne |
                   248  |          0   .0089514     0.00   1.000    -.0175496    .0175496
                   249  |  -.0176554   .0085709    -2.06   0.039     -.034459   -.0008517
                   250  |    -.00499   .0087764    -0.57   0.570    -.0221965    .0122165
                   251  |  -.0091182   .0071486    -1.28   0.202    -.0231334    .0048969
                   252  |  -.0021713   .0069453    -0.31   0.755    -.0157877    .0114451
                   253  |  -.0122153   .0064064    -1.91   0.057    -.0247753    .0003448
                   254  |   .0007738   .0066367     0.12   0.907    -.0122378    .0137853
                   255  |  -.0104714          .        .       .            .           .
                        |
             qdate#c.ma |
                   248  |  -.0036051   .0070766    -0.51   0.610     -.017479    .0102687
                   249  |  -.0250983    .009452    -2.66   0.008    -.0436292   -.0065673
                   250  |  -.0111005   .0075466    -1.47   0.141    -.0258958    .0036948
                   251  |  -.0157934   .0068587    -2.30   0.021    -.0292401   -.0023467
                   252  |          0  (omitted)
                   253  |  -.0138837   .0085533    -1.62   0.105    -.0306529    .0028854
                   254  |  -.0076174   .0067893    -1.12   0.262    -.0209281    .0056933
                   255  |  -.0145926   .0076189    -1.92   0.056    -.0295298    .0003445
                        |
             qdate#c.ec |
                   248  |  -.0101687   .0060978    -1.67   0.095    -.0221237    .0017862
                   249  |  -.0083321          .        .       .            .           .
                   250  |   .0003437   .0051398     0.07   0.947     -.009733    .0104204
                   251  |   .0017192   .0067477     0.25   0.799    -.0115098    .0149482
                   252  |  -.0064433   .0068594    -0.94   0.348    -.0198914    .0070049
                   253  |          0   .0051813     0.00   1.000    -.0101581    .0101581
                   254  |   .0023618    .005428     0.44   0.664    -.0082801    .0130036
                   255  |   .0016254   .0063166     0.26   0.797    -.0107584    .0140093
                        |
             qdate#c.wc |
                   248  |   .0028439   .0054547     0.52   0.602    -.0078502     .013538
                   249  |   .0056482   .0067323     0.84   0.402    -.0075507    .0188471
                   250  |   .0160102   .0075188     2.13   0.033     .0012693     .030751
                   251  |   .0194165   .0051216     3.79   0.000     .0093754    .0294576
                   252  |          0  (omitted)
                   253  |   .0220889   .0074083     2.98   0.003     .0075648    .0366131
                   254  |   .0216615   .0064653     3.35   0.001      .008986     .034337
                   255  |   .0256975   .0046301     5.55   0.000       .01662     .034775
                        |
             qdate#c.sa |
                   248  |    .006836   .0081511     0.84   0.402    -.0091446    .0228166
                   249  |  -.0030195   .0066513    -0.45   0.650    -.0160596    .0100206
                   250  |    .003969   .0050481     0.79   0.432    -.0059279    .0138659
                   251  |  -.0000852   .0068521    -0.01   0.990     -.013519    .0133486
                   252  |   .0095023   .0065944     1.44   0.150    -.0034263    .0224308
                   253  |   .0005794   .0040565     0.14   0.886    -.0073735    .0085323
                   254  |          0  (omitted)
                   255  |  -.0020049   .0047902    -0.42   0.676    -.0113962    .0073865
                        |
             qdate#c.es |
                   248  |          0    .006957     0.00   1.000    -.0136395    .0136395
                   249  |  -.0104515    .005786    -1.81   0.071    -.0217951    .0008922
                   250  |  -.0018214   .0051934    -0.35   0.726    -.0120033    .0083605
                   251  |  -.0060216   .0060349    -1.00   0.318    -.0178533      .00581
                   252  |   .0038515   .0074481     0.52   0.605    -.0107509    .0184538
                   253  |  -.0059028          .        .       .            .           .
                   254  |  -.0006224   .0042186    -0.15   0.883    -.0088932    .0076484
                   255  |  -.0038247   .0053481    -0.72   0.475    -.0143099    .0066605
                        |
             qdate#c.ws |
                   248  |   .0009884   .0066485     0.15   0.882    -.0120462     .014023
                   249  |  -.0031247   .0058166    -0.54   0.591    -.0145283    .0082789
                   250  |   .0017859   .0048505     0.37   0.713    -.0077237    .0112955
                   251  |          0   .0064843     0.00   1.000    -.0127128    .0127128
                   252  |   .0044521   .0053772     0.83   0.408      -.00609    .0149943
                   253  |   .0001167   .0043499     0.03   0.979    -.0084115    .0086449
                   254  |  -.0027079          .        .       .            .           .
                   255  |  -.0027277   .0050881    -0.54   0.592    -.0127031    .0072477
                        |
             qdate#c.mt |
                   248  |   .0058622   .0078413     0.75   0.455     -.009511    .0212354
                   249  |   .0028516   .0082576     0.35   0.730    -.0133378    .0190409
                   250  |   .0062122   .0071523     0.87   0.385    -.0078101    .0202345
                   251  |  -.0008189   .0068254    -0.12   0.905    -.0142003    .0125625
                   252  |   .0091234   .0065536     1.39   0.164    -.0037252     .021972
                   253  |   .0113387   .0081267     1.40   0.163     -.004594    .0272715
                   254  |   .0114322   .0058689     1.95   0.051     -.000074    .0229384
                   255  |          0  (omitted)
-----------------------------------------------------------------------------------------
Underidentification test (Kleibergen-Paap rk LM statistic):             21.232
                                                   Chi-sq(3) P-val =    0.0001
------------------------------------------------------------------------------
Weak identification test (Cragg-Donald Wald F statistic):                9.275
                         (Kleibergen-Paap rk Wald F statistic):          7.235
Stock-Yogo weak ID test critical values:  5% maximal IV relative bias    13.91
                                         10% maximal IV relative bias     9.08
                                         20% maximal IV relative bias     6.46
                                         30% maximal IV relative bias     5.39
                                         10% maximal IV size             22.30
                                         15% maximal IV size             12.83
                                         20% maximal IV size              9.54
                                         25% maximal IV size              7.80
Source: Stock-Yogo (2005).  Reproduced by permission.
NB: Critical values are for Cragg-Donald F statistic and i.i.d. errors.
------------------------------------------------------------------------------
Warning: estimated covariance matrix of moment conditions not of full rank.
         overidentification statistic not reported, and standard errors and
         model tests should be interpreted with caution.
Possible causes:
         number of clusters insufficient to calculate robust covariance matrix
         singleton dummy variable (dummy with one 1 and N-1 0s or vice versa)
partial option may address problem.
------------------------------------------------------------------------------
Collinearities detected among instruments: 8 instrument(s) dropped
Instrumented:         d_core_deposit
Included instruments: c.metro_dummy#c.cum_d_ffr
                      c.log_median_hh_income_z#c.cum_d_ffr 249.qdate 250.qdate
                      251.qdate 252.qdate 253.qdate 254.qdate 255.qdate
                      248b.qdate#c.ne 249.qdate#c.ne 250.qdate#c.ne
                      251.qdate#c.ne 252.qdate#c.ne 253.qdate#c.ne
                      254.qdate#c.ne 255.qdate#c.ne 248b.qdate#c.ma
                      249.qdate#c.ma 250.qdate#c.ma 251.qdate#c.ma
                      252.qdate#c.ma 253.qdate#c.ma 254.qdate#c.ma
                      255.qdate#c.ma 248b.qdate#c.ec 249.qdate#c.ec
                      250.qdate#c.ec 251.qdate#c.ec 252.qdate#c.ec
                      253.qdate#c.ec 254.qdate#c.ec 255.qdate#c.ec
                      248b.qdate#c.wc 249.qdate#c.wc 250.qdate#c.wc
                      251.qdate#c.wc 252.qdate#c.wc 253.qdate#c.wc
                      254.qdate#c.wc 255.qdate#c.wc 248b.qdate#c.sa
                      249.qdate#c.sa 250.qdate#c.sa 251.qdate#c.sa
                      252.qdate#c.sa 253.qdate#c.sa 254.qdate#c.sa
                      255.qdate#c.sa 248b.qdate#c.es 249.qdate#c.es
                      250.qdate#c.es 251.qdate#c.es 252.qdate#c.es
                      253.qdate#c.es 254.qdate#c.es 255.qdate#c.es
                      248b.qdate#c.ws 249.qdate#c.ws 250.qdate#c.ws
                      251.qdate#c.ws 252.qdate#c.ws 253.qdate#c.ws
                      254.qdate#c.ws 255.qdate#c.ws 248b.qdate#c.mt
                      249.qdate#c.mt 250.qdate#c.mt 251.qdate#c.mt
                      252.qdate#c.mt 253.qdate#c.mt 254.qdate#c.mt
                      255.qdate#c.mt
Excluded instruments: c.sophistication_index_z#c.cum_d_ffr
                      c.branch_density_z#c.cum_d_ffr c.hhi_z#c.cum_d_ffr
Partialled-out:       _cons
                      nb: total SS, model F and R2s are after partialling-out;
                          any small-sample adjustments include partialled-out
                          variables in regressor count K
------------------------------------------------------------------------------

Absorbed degrees of freedom:
-----------------------------------------------------+
 Absorbed FE | Categories  - Redundant  = Num. Coefs |
-------------+---------------------------------------|
      bankid |      4143        4143           0    *|
-----------------------------------------------------+
* = FE nested within cluster; treated as redundant for DoF computation

. 
. ivreghdfe d_total_loans_not_for_sale ///
>                 c.metro_dummy#c.cum_d_ffr ///
>                 c.log_median_hh_income_z#c.cum_d_ffr ///
>         i.qdate ///
>         c.ne#i.qdate c.ma#i.qdate c.ec#i.qdate c.wc#i.qdate ///
>         c.sa#i.qdate c.es#i.qdate c.ws#i.qdate c.mt#i.qdate ///
>         (cum_d_core_deposit = c.sophistication_index#c.cum_d_ffr c.branch_density_z#c.cu
> m_d_ffr c.hhi_z#c.cum_d_ffr), ///
>         absorb(bankid) ///
>         cluster(bankid)
(dropped 29 singleton observations)
(MWFE estimator converged in 1 iterations)

IV (2SLS) estimation
--------------------

Estimates efficient for homoskedasticity only
Statistics robust to heteroskedasticity and clustering on bankid

Number of clusters (bankid) =     3820                Number of obs =    28822
                                                      F( 66,  3819) =    34.63
                                                      Prob > F      =   0.0000
Total (centered) SS     =  39.97704482                Centered R2   =   0.0456
Total (uncentered) SS   =  39.97704482                Uncentered R2 =   0.0456
Residual SS             =  38.15585734                Root MSE      =   .03643

-----------------------------------------------------------------------------------------
                        |               Robust
d_total_loans_not_for~e | Coefficient  std. err.      t    P>|t|     [95% conf. interval]
------------------------+----------------------------------------------------------------
     cum_d_core_deposit |   -.179484   .0702645    -2.55   0.011    -.3172435   -.0417245
                        |
          c.metro_dummy#|
            c.cum_d_ffr |  -.0014854   .0004652    -3.19   0.001    -.0023974   -.0005734
                        |
                     c. |
 log_median_hh_income_z#|
            c.cum_d_ffr |   .0000927   .0002334     0.40   0.691    -.0003648    .0005502
                        |
                  qdate |
                   248  |          0  (empty)
                   249  |   .0319523   .0045718     6.99   0.000     .0229888    .0409157
                   250  |   .0208641   .0048456     4.31   0.000     .0113639    .0303643
                   251  |   .0207694   .0053633     3.87   0.000     .0102541    .0312846
                   252  |  -.0022041   .0059003    -0.37   0.709    -.0137721    .0093639
                   253  |    .001186   .0064884     0.18   0.855     -.011535    .0139071
                   254  |  -.0014916   .0058984    -0.25   0.800    -.0130559    .0100727
                   255  |   .0035885   .0066958     0.54   0.592    -.0095392    .0167162
                        |
             qdate#c.ne |
                   248  |   .0008524   .0080711     0.11   0.916    -.0149718    .0166766
                   249  |   -.010497   .0085246    -1.23   0.218    -.0272101    .0062162
                   250  |   .0006526   .0094146     0.07   0.945    -.0178055    .0191106
                   251  |  -.0036871   .0066342    -0.56   0.578    -.0166941    .0093198
                   252  |   .0041502   .0061798     0.67   0.502    -.0079658    .0162662
                   253  |  -.0017838   .0063476    -0.28   0.779    -.0142289    .0106612
                   254  |   .0092128   .0051699     1.78   0.075    -.0009232    .0193487
                   255  |          0  (omitted)
                        |
             qdate#c.ma |
                   248  |  -.0045335   .0068692    -0.66   0.509    -.0180011    .0089342
                   249  |  -.0180389    .006665    -2.71   0.007    -.0311062   -.0049717
                   250  |  -.0063076   .0061136    -1.03   0.302    -.0182939    .0056788
                   251  |  -.0122815   .0054137    -2.27   0.023    -.0228954   -.0016675
                   252  |   .0031896   .0042054     0.76   0.448    -.0050554    .0114346
                   253  |          0  (omitted)
                   254  |   .0012219   .0035765     0.34   0.733    -.0057901     .008234
                   255  |  -.0058521   .0044244    -1.32   0.186    -.0145264    .0028222
                        |
             qdate#c.ec |
                   248  |  -.0229885    .006281    -3.66   0.000    -.0353029   -.0106742
                   249  |   -.015067   .0058703    -2.57   0.010    -.0265762   -.0035578
                   250  |  -.0069863   .0055364    -1.26   0.207    -.0178408    .0038682
                   251  |  -.0089701   .0045722    -1.96   0.050    -.0179343   -5.96e-06
                   252  |  -.0122479   .0037913    -3.23   0.001     -.019681   -.0048147
                   253  |   .0006022          .        .       .            .           .
                   254  |          0   .0031066     0.00   1.000    -.0060908    .0060908
                   255  |  -.0031873   .0041292    -0.77   0.440    -.0112829    .0049083
                        |
             qdate#c.wc |
                   248  |  -.0314702    .005476    -5.75   0.000    -.0422063   -.0207341
                   249  |  -.0204451   .0049712    -4.11   0.000    -.0301915   -.0106986
                   250  |   -.009471    .004856    -1.95   0.051    -.0189915    .0000496
                   251  |  -.0111576   .0041041    -2.72   0.007    -.0192041   -.0031111
                   252  |  -.0242539   .0039122    -6.20   0.000     -.031924   -.0165837
                   253  |   .0040223   .0031389     1.28   0.200    -.0021317    .0101763
                   254  |          0  (omitted)
                   255  |  -.0007165   .0039459    -0.18   0.856    -.0084528    .0070197
                        |
             qdate#c.sa |
                   248  |   -.014762   .0074239    -1.99   0.047    -.0293172   -.0002069
                   249  |  -.0158873   .0064856    -2.45   0.014     -.028603   -.0031717
                   250  |  -.0064889   .0060052    -1.08   0.280    -.0182626    .0052849
                   251  |  -.0117081   .0050856    -2.30   0.021    -.0216789   -.0017374
                   252  |   .0005348   .0039665     0.13   0.893    -.0072418    .0083114
                   253  |          0  (omitted)
                   254  |  -.0025369   .0033744    -0.75   0.452    -.0091528    .0040789
                   255  |  -.0060363   .0043784    -1.38   0.168    -.0146206     .002548
                        |
             qdate#c.es |
                   248  |  -.0149173    .007613    -1.96   0.050    -.0298432    8.63e-06
                   249  |  -.0181428      .0067    -2.71   0.007    -.0312788   -.0050069
                   250  |  -.0063813   .0063663    -1.00   0.316    -.0188629    .0061004
                   251  |  -.0141762   .0049519    -2.86   0.004    -.0238848   -.0044675
                   252  |  -.0020567    .003975    -0.52   0.605      -.00985    .0057365
                   253  |  -.0026118   .0033223    -0.79   0.432    -.0091255    .0039019
                   254  |          0  (omitted)
                   255  |  -.0043159   .0039181    -1.10   0.271    -.0119976    .0033658
                        |
             qdate#c.ws |
                   248  |  -.0155896    .006633    -2.35   0.019    -.0285941   -.0025851
                   249  |  -.0139138   .0063175    -2.20   0.028    -.0262997   -.0015279
                   250  |   -.007131   .0053413    -1.34   0.182    -.0176031    .0033412
                   251  |  -.0092833    .004392    -2.11   0.035    -.0178942   -.0006725
                   252  |          0  (omitted)
                   253  |    .002181   .0039157     0.56   0.578    -.0054961    .0098581
                   254  |  -.0056756   .0038963    -1.46   0.145    -.0133147    .0019635
                   255  |  -.0084902   .0045063    -1.88   0.060    -.0173251    .0003447
                        |
             qdate#c.mt |
                   248  |  -.0027975   .0088573    -0.32   0.752     -.020163     .014568
                   249  |          0   .0090241     0.00   1.000    -.0176926    .0176926
                   250  |   .0022032   .0077282     0.29   0.776    -.0129487    .0173551
                   251  |  -.0025166   .0067729    -0.37   0.710    -.0157954    .0107622
                   252  |   .0087001   .0063153     1.38   0.168    -.0036817    .0210818
                   253  |   .0213198   .0066795     3.19   0.001      .008224    .0344156
                   254  |   .0126985   .0052704     2.41   0.016     .0023655    .0230316
                   255  |   .0007896          .        .       .            .           .
-----------------------------------------------------------------------------------------
Underidentification test (Kleibergen-Paap rk LM statistic):             24.290
                                                   Chi-sq(3) P-val =    0.0000
------------------------------------------------------------------------------
Weak identification test (Cragg-Donald Wald F statistic):               47.818
                         (Kleibergen-Paap rk Wald F statistic):          8.392
Stock-Yogo weak ID test critical values:  5% maximal IV relative bias    13.91
                                         10% maximal IV relative bias     9.08
                                         20% maximal IV relative bias     6.46
                                         30% maximal IV relative bias     5.39
                                         10% maximal IV size             22.30
                                         15% maximal IV size             12.83
                                         20% maximal IV size              9.54
                                         25% maximal IV size              7.80
Source: Stock-Yogo (2005).  Reproduced by permission.
NB: Critical values are for Cragg-Donald F statistic and i.i.d. errors.
------------------------------------------------------------------------------
Warning: estimated covariance matrix of moment conditions not of full rank.
         overidentification statistic not reported, and standard errors and
         model tests should be interpreted with caution.
Possible causes:
         number of clusters insufficient to calculate robust covariance matrix
         singleton dummy variable (dummy with one 1 and N-1 0s or vice versa)
partial option may address problem.
------------------------------------------------------------------------------
Collinearities detected among instruments: 8 instrument(s) dropped
Instrumented:         cum_d_core_deposit
Included instruments: c.metro_dummy#c.cum_d_ffr
                      c.log_median_hh_income_z#c.cum_d_ffr 249.qdate 250.qdate
                      251.qdate 252.qdate 253.qdate 254.qdate 255.qdate
                      248b.qdate#c.ne 249.qdate#c.ne 250.qdate#c.ne
                      251.qdate#c.ne 252.qdate#c.ne 253.qdate#c.ne
                      254.qdate#c.ne 255.qdate#c.ne 248b.qdate#c.ma
                      249.qdate#c.ma 250.qdate#c.ma 251.qdate#c.ma
                      252.qdate#c.ma 253.qdate#c.ma 254.qdate#c.ma
                      255.qdate#c.ma 248b.qdate#c.ec 249.qdate#c.ec
                      250.qdate#c.ec 251.qdate#c.ec 252.qdate#c.ec
                      253.qdate#c.ec 254.qdate#c.ec 255.qdate#c.ec
                      248b.qdate#c.wc 249.qdate#c.wc 250.qdate#c.wc
                      251.qdate#c.wc 252.qdate#c.wc 253.qdate#c.wc
                      254.qdate#c.wc 255.qdate#c.wc 248b.qdate#c.sa
                      249.qdate#c.sa 250.qdate#c.sa 251.qdate#c.sa
                      252.qdate#c.sa 253.qdate#c.sa 254.qdate#c.sa
                      255.qdate#c.sa 248b.qdate#c.es 249.qdate#c.es
                      250.qdate#c.es 251.qdate#c.es 252.qdate#c.es
                      253.qdate#c.es 254.qdate#c.es 255.qdate#c.es
                      248b.qdate#c.ws 249.qdate#c.ws 250.qdate#c.ws
                      251.qdate#c.ws 252.qdate#c.ws 253.qdate#c.ws
                      254.qdate#c.ws 255.qdate#c.ws 248b.qdate#c.mt
                      249.qdate#c.mt 250.qdate#c.mt 251.qdate#c.mt
                      252.qdate#c.mt 253.qdate#c.mt 254.qdate#c.mt
                      255.qdate#c.mt
Excluded instruments: c.sophistication_index_z#c.cum_d_ffr
                      c.branch_density_z#c.cum_d_ffr c.hhi_z#c.cum_d_ffr
Partialled-out:       _cons
                      nb: total SS, model F and R2s are after partialling-out;
                          any small-sample adjustments include partialled-out
                          variables in regressor count K
------------------------------------------------------------------------------

Absorbed degrees of freedom:
-----------------------------------------------------+
 Absorbed FE | Categories  - Redundant  = Num. Coefs |
-------------+---------------------------------------|
      bankid |      3820        3820           0    *|
-----------------------------------------------------+
* = FE nested within cluster; treated as redundant for DoF computation

. 
. *------------------------------------------------------
. * 6. Close log
. *------------------------------------------------------
. log close combined
      name:  combined
       log:  C:\Users\CHENY\Documents\GitHub\thesis-bank/results/regressions_results.log
  log type:  text
 closed on:  18 Dec 2025, 13:59:23
------------------------------------------------------------------------------------------
