-------------------------------------------------------------------------------------------
      name:  stage1
       log:  C:\Users\CHENY\Documents\GitHub\thesis-bank/results/stage1_results.log
  log type:  text
 opened on:  22 Nov 2025, 17:28:39

. 
. *------------------------------------------------------
. * 4. Stage-1 regression
. *
. * Bank FE: absorbed via absorb(bank_id)
. * Quarter FE: i.qdate
. * Deposit-weighted region×quarter controls:
. *   c.<region_share>#i.qdate, with PC omitted to avoid perfect collinearity
. *------------------------------------------------------
. reghdfe d_interest_rate_on_deposit ///
>         zS_dffr zR_dffr zH_dffr ///
>         i.qdate ///
>         c.ne#i.qdate c.ma#i.qdate c.ec#i.qdate c.wc#i.qdate ///
>         c.sa#i.qdate c.es#i.qdate c.ws#i.qdate c.mt#i.qdate ///
>         if sample_stage1 , ///
>         absorb(bankid) ///
>         cluster(bankid)
(dropped 27 singleton observations)
(MWFE estimator converged in 1 iterations)
note: 254.qdate#c.ne omitted because of collinearity
note: 254.qdate#c.ma omitted because of collinearity
note: 254.qdate#c.ec omitted because of collinearity
note: 254.qdate#c.wc omitted because of collinearity
note: 254.qdate#c.sa omitted because of collinearity
note: 254.qdate#c.es omitted because of collinearity
note: 254.qdate#c.ws omitted because of collinearity
note: 254.qdate#c.mt omitted because of collinearity

HDFE Linear regression                            Number of obs   =     28,395
Absorbing 1 HDFE group                            F(  57,   4171) =     332.92
Statistics robust to heteroskedasticity           Prob > F        =     0.0000
                                                  R-squared       =     0.6233
                                                  Adj R-squared   =     0.5574
                                                  Within R-sq.    =     0.5104
Number of clusters (bankid)  =      4,172         Root MSE        =     0.0014

                             (Std. err. adjusted for 4,172 clusters in bankid)
------------------------------------------------------------------------------
             |               Robust
d_interest~t | Coefficient  std. err.      t    P>|t|     [95% conf. interval]
-------------+----------------------------------------------------------------
     zS_dffr |   .0001464   .0000268     5.46   0.000     .0000939     .000199
     zR_dffr |  -.0004655   .0007281    -0.64   0.523    -.0018929    .0009619
     zH_dffr |   .0000242   .0000198     1.22   0.222    -.0000146     .000063
             |
       qdate |
        249  |   .0002174   .0000669     3.25   0.001     .0000862    .0003487
        250  |   .0015458   .0001756     8.81   0.000     .0012017      .00189
        251  |   .0033567   .0002492    13.47   0.000     .0028681    .0038454
        252  |     .00391   .0002091    18.70   0.000     .0035001      .00432
        253  |   .0037345   .0002493    14.98   0.000     .0032457    .0042233
        254  |   .0029363   .0001461    20.10   0.000     .0026499    .0032227
             |
  qdate#c.ne |
        248  |  -.0001733   .0002335    -0.74   0.458    -.0006312    .0002846
        249  |  -.0001571   .0002315    -0.68   0.497    -.0006109    .0002967
        250  |  -.0003478   .0003259    -1.07   0.286    -.0009866     .000291
        251  |  -.0006011   .0004209    -1.43   0.153    -.0014263    .0002241
        252  |   .0000602   .0003557     0.17   0.866    -.0006372    .0007576
        253  |   .0003741    .000334     1.12   0.263    -.0002807     .001029
        254  |          0  (omitted)
             |
  qdate#c.ma |
        248  |  -.0002116   .0002152    -0.98   0.326    -.0006335    .0002103
        249  |  -.0000134   .0002035    -0.07   0.947    -.0004123    .0003855
        250  |   .0003198   .0002474     1.29   0.196    -.0001653    .0008048
        251  |   .0003472   .0003198     1.09   0.278    -.0002797    .0009741
        252  |   .0000229   .0002713     0.08   0.933     -.000509    .0005548
        253  |  -.0000764   .0003023    -0.25   0.800    -.0006692    .0005163
        254  |          0  (omitted)
             |
  qdate#c.ec |
        248  |   .0001208   .0001613     0.75   0.454    -.0001955     .000437
        249  |    .000234   .0001574     1.49   0.137    -.0000745    .0005426
        250  |  -.0001866    .000197    -0.95   0.344    -.0005728    .0001996
        251  |  -.0006621   .0002462    -2.69   0.007    -.0011447   -.0001795
        252  |  -.0004946   .0002182    -2.27   0.023    -.0009225   -.0000668
        253  |  -.0003642   .0002633    -1.38   0.167    -.0008805    .0001521
        254  |          0  (omitted)
             |
  qdate#c.wc |
        248  |   .0000461   .0001572     0.29   0.769     -.000262    .0003543
        249  |    .000154    .000154     1.00   0.317    -.0001479    .0004558
        250  |  -.0002061   .0001925    -1.07   0.284    -.0005835    .0001712
        251  |  -.0006025   .0002419    -2.49   0.013    -.0010768   -.0001281
        252  |  -.0006652   .0002134    -3.12   0.002    -.0010837   -.0002468
        253  |   -.000439   .0002588    -1.70   0.090    -.0009465    .0000684
        254  |          0  (omitted)
             |
  qdate#c.sa |
        248  |  -.0001549   .0001762    -0.88   0.379    -.0005004    .0001905
        249  |  -.0000159   .0001755    -0.09   0.928    -.0003599    .0003281
        250  |  -.0003012   .0002201    -1.37   0.171    -.0007328    .0001303
        251  |  -.0007898   .0002686    -2.94   0.003    -.0013164   -.0002631
        252  |  -.0007162   .0002381    -3.01   0.003     -.001183   -.0002495
        253  |  -.0000742   .0002766    -0.27   0.788    -.0006166    .0004681
        254  |          0  (omitted)
             |
  qdate#c.es |
        248  |  -.0003215   .0001717    -1.87   0.061     -.000658    .0000151
        249  |  -.0000541   .0001761    -0.31   0.759    -.0003993    .0002911
        250  |  -.0005307   .0002147    -2.47   0.013    -.0009517   -.0001098
        251  |  -.0008039   .0002677    -3.00   0.003    -.0013288   -.0002789
        252  |  -.0004799   .0002363    -2.03   0.042    -.0009431   -.0000168
        253  |  -.0005922   .0002718    -2.18   0.029    -.0011252   -.0000593
        254  |          0  (omitted)
             |
  qdate#c.ws |
        248  |  -.0000778   .0001656    -0.47   0.638    -.0004024    .0002467
        249  |   .0001521   .0001658     0.92   0.359     -.000173    .0004772
        250  |  -.0000207   .0002047    -0.10   0.920    -.0004219    .0003806
        251  |  -.0005111   .0002522    -2.03   0.043    -.0010055   -.0000166
        252  |  -.0003201    .000222    -1.44   0.149    -.0007553    .0001152
        253  |  -.0003476    .000264    -1.32   0.188    -.0008652    .0001699
        254  |          0  (omitted)
             |
  qdate#c.mt |
        248  |  -.0000951   .0002075    -0.46   0.647    -.0005019    .0003116
        249  |   .0000372   .0001988     0.19   0.852    -.0003526    .0004269
        250  |   .0000381   .0002606     0.15   0.884    -.0004728    .0005489
        251  |  -.0007332   .0003064    -2.39   0.017     -.001334   -.0001325
        252  |  -.0009801   .0002573    -3.81   0.000    -.0014844   -.0004757
        253  |  -.0000657   .0002983    -0.22   0.826    -.0006504     .000519
        254  |          0  (omitted)
             |
       _cons |  -.0002036   .0001446    -1.41   0.159    -.0004872    .0000799
------------------------------------------------------------------------------

Absorbed degrees of freedom:
-----------------------------------------------------+
 Absorbed FE | Categories  - Redundant  = Num. Coefs |
-------------+---------------------------------------|
      bankid |      4172        4172           0    *|
-----------------------------------------------------+
* = FE nested within cluster; treated as redundant for DoF computation

. 
. * Test joint significance of the three policy–exposure interactions
. test zS_dffr zR_dffr zH_dffr

 ( 1)  zS_dffr = 0
 ( 2)  zR_dffr = 0
 ( 3)  zH_dffr = 0

       F(  3,  4171) =   11.18
            Prob > F =    0.0000

. 
. *------------------------------------------------------
. * 5. Subsample regressions by size (large_bank)
. *------------------------------------------------------
. * Large banks (large_bank == 1)
. reghdfe d_interest_rate_on_deposit ///
>         zS_dffr zR_dffr zH_dffr ///
>         i.qdate ///
>         c.ne#i.qdate c.ma#i.qdate c.ec#i.qdate c.wc#i.qdate ///
>         c.sa#i.qdate c.es#i.qdate c.ws#i.qdate c.mt#i.qdate ///
>         if sample_stage1  & large_bank == 1 , ///
>         absorb(bankid) ///
>         cluster(bankid)
(dropped 7 singleton observations)
(MWFE estimator converged in 1 iterations)
note: 254.qdate#c.ne omitted because of collinearity
note: 254.qdate#c.ma omitted because of collinearity
note: 254.qdate#c.ec omitted because of collinearity
note: 254.qdate#c.wc omitted because of collinearity
note: 254.qdate#c.sa omitted because of collinearity
note: 254.qdate#c.es omitted because of collinearity
note: 254.qdate#c.ws omitted because of collinearity
note: 254.qdate#c.mt omitted because of collinearity

HDFE Linear regression                            Number of obs   =      5,238
Absorbing 1 HDFE group                            F(  57,    781) =     118.57
Statistics robust to heteroskedasticity           Prob > F        =     0.0000
                                                  R-squared       =     0.6706
                                                  Adj R-squared   =     0.6078
                                                  Within R-sq.    =     0.5754
Number of clusters (bankid)  =        782         Root MSE        =     0.0016

                               (Std. err. adjusted for 782 clusters in bankid)
------------------------------------------------------------------------------
             |               Robust
d_interest~t | Coefficient  std. err.      t    P>|t|     [95% conf. interval]
-------------+----------------------------------------------------------------
     zS_dffr |   .0000978   .0000955     1.02   0.306    -.0000896    .0002852
     zR_dffr |  -.0288052   .0085538    -3.37   0.001    -.0455963    -.012014
     zH_dffr |    .000073   .0000691     1.06   0.291    -.0000626    .0002086
             |
       qdate |
        249  |   -.001612   .0004897    -3.29   0.001    -.0025732   -.0006508
        250  |  -.0006806   .0006237    -1.09   0.276     -.001905    .0005438
        251  |   .0016049   .0005801     2.77   0.006     .0004661    .0027437
        252  |   .0030866   .0003086    10.00   0.000     .0024807    .0036925
        253  |   .0033914   .0004967     6.83   0.000     .0024164    .0043664
        254  |   .0026702   .0001679    15.90   0.000     .0023405    .0029999
             |
  qdate#c.ne |
        248  |  -.0004842   .0003061    -1.58   0.114    -.0010852    .0001167
        249  |   -.000284   .0002943    -0.96   0.335    -.0008618    .0002938
        250  |  -.0002378   .0004088    -0.58   0.561    -.0010402    .0005647
        251  |   .0000658   .0005342     0.12   0.902    -.0009828    .0011144
        252  |   .0009051   .0004496     2.01   0.044     .0000225    .0017878
        253  |   .0004557   .0005742     0.79   0.428    -.0006714    .0015828
        254  |          0  (omitted)
             |
  qdate#c.ma |
        248  |   -.001096    .000267    -4.11   0.000    -.0016201   -.0005719
        249  |  -.0006061   .0002537    -2.39   0.017    -.0011042   -.0001081
        250  |   .0001214    .000371     0.33   0.744    -.0006068    .0008497
        251  |    .000446   .0004624     0.96   0.335    -.0004616    .0013537
        252  |  -.0001011    .000334    -0.30   0.762    -.0007567    .0005545
        253  |  -.0001349   .0005497    -0.25   0.806     -.001214    .0009442
        254  |          0  (omitted)
             |
  qdate#c.ec |
        248  |  -.0008276   .0002186    -3.79   0.000    -.0012567   -.0003985
        249  |  -.0003497   .0002227    -1.57   0.117    -.0007868    .0000875
        250  |   .0000157   .0003212     0.05   0.961    -.0006149    .0006463
        251  |  -.0001522   .0003972    -0.38   0.702    -.0009319    .0006274
        252  |   .0001552   .0003107     0.50   0.618    -.0004548    .0007652
        253  |   -.000214   .0005274    -0.41   0.685    -.0012493    .0008213
        254  |          0  (omitted)
             |
  qdate#c.wc |
        248  |  -.0007485   .0002358    -3.17   0.002    -.0012115   -.0002856
        249  |  -.0002251   .0002524    -0.89   0.373    -.0007207    .0002704
        250  |   .0001935   .0003427     0.56   0.573    -.0004792    .0008661
        251  |   .0003833   .0004138     0.93   0.355     -.000429    .0011957
        252  |   -.000132   .0003184    -0.41   0.679     -.000757     .000493
        253  |  -.0000564    .000531    -0.11   0.915    -.0010988    .0009861
        254  |          0  (omitted)
             |
  qdate#c.sa |
        248  |  -.0010399   .0002744    -3.79   0.000    -.0015786   -.0005011
        249  |  -.0006048   .0002913    -2.08   0.038    -.0011766   -.0000331
        250  |  -.0002063    .000393    -0.52   0.600    -.0009778    .0005653
        251  |  -.0004019   .0004663    -0.86   0.389    -.0013173    .0005135
        252  |   -.000236   .0003971    -0.59   0.552    -.0010155    .0005435
        253  |   .0004089   .0005593     0.73   0.465    -.0006891    .0015068
        254  |          0  (omitted)
             |
  qdate#c.es |
        248  |  -.0006597   .0002773    -2.38   0.018     -.001204   -.0001153
        249  |  -.0000227    .000314    -0.07   0.943    -.0006391    .0005937
        250  |  -.0002392   .0003949    -0.61   0.545    -.0010143     .000536
        251  |  -.0003157    .000492    -0.64   0.521    -.0012815      .00065
        252  |   .0002499   .0004023     0.62   0.535    -.0005398    .0010396
        253  |  -.0000107   .0006042    -0.02   0.986    -.0011968    .0011753
        254  |          0  (omitted)
             |
  qdate#c.ws |
        248  |  -.0008297   .0002338    -3.55   0.000    -.0012887   -.0003708
        249  |  -.0001419   .0002731    -0.52   0.604    -.0006779    .0003942
        250  |   .0002759   .0003714     0.74   0.458    -.0004531    .0010049
        251  |   7.68e-06   .0004365     0.02   0.986    -.0008493    .0008646
        252  |   .0000609   .0003366     0.18   0.856    -.0005999    .0007217
        253  |  -.0003872   .0005371    -0.72   0.471    -.0014415    .0006672
        254  |          0  (omitted)
             |
  qdate#c.mt |
        248  |  -.0015201   .0004658    -3.26   0.001    -.0024345   -.0006057
        249  |  -.0009369   .0004602    -2.04   0.042    -.0018403   -.0000336
        250  |   .0005098   .0006734     0.76   0.449    -.0008122    .0018318
        251  |  -.0000242   .0006982    -0.03   0.972    -.0013947    .0013463
        252  |  -.0008376   .0004378    -1.91   0.056     -.001697    .0000217
        253  |   .0003989   .0007248     0.55   0.582    -.0010238    .0018216
        254  |          0  (omitted)
             |
       _cons |   .0001395    .000203     0.69   0.492     -.000259    .0005381
------------------------------------------------------------------------------

Absorbed degrees of freedom:
-----------------------------------------------------+
 Absorbed FE | Categories  - Redundant  = Num. Coefs |
-------------+---------------------------------------|
      bankid |       782         782           0    *|
-----------------------------------------------------+
* = FE nested within cluster; treated as redundant for DoF computation

. test zS_dffr zR_dffr zH_dffr

 ( 1)  zS_dffr = 0
 ( 2)  zR_dffr = 0
 ( 3)  zH_dffr = 0

       F(  3,   781) =    9.21
            Prob > F =    0.0000

. 
. * Small banks (large_bank == 0)
. reghdfe d_interest_rate_on_deposit ///
>         zS_dffr zR_dffr zH_dffr ///
>         i.qdate ///
>         c.ne#i.qdate c.ma#i.qdate c.ec#i.qdate c.wc#i.qdate ///
>         c.sa#i.qdate c.es#i.qdate c.ws#i.qdate c.mt#i.qdate ///
>         if sample_stage1  & large_bank == 0, ///
>         absorb(bankid) ///
>         cluster(bankid)
(dropped 20 singleton observations)
(MWFE estimator converged in 1 iterations)
note: 254.qdate#c.ne omitted because of collinearity
note: 254.qdate#c.ma omitted because of collinearity
note: 254.qdate#c.ec omitted because of collinearity
note: 254.qdate#c.wc omitted because of collinearity
note: 254.qdate#c.sa omitted because of collinearity
note: 254.qdate#c.es omitted because of collinearity
note: 254.qdate#c.ws omitted because of collinearity
note: 254.qdate#c.mt omitted because of collinearity

HDFE Linear regression                            Number of obs   =     23,157
Absorbing 1 HDFE group                            F(  57,   3389) =     260.05
Statistics robust to heteroskedasticity           Prob > F        =     0.0000
                                                  R-squared       =     0.6107
                                                  Adj R-squared   =     0.5427
                                                  Within R-sq.    =     0.5055
Number of clusters (bankid)  =      3,390         Root MSE        =     0.0014

                             (Std. err. adjusted for 3,390 clusters in bankid)
------------------------------------------------------------------------------
             |               Robust
d_interest~t | Coefficient  std. err.      t    P>|t|     [95% conf. interval]
-------------+----------------------------------------------------------------
     zS_dffr |   .0000787   .0000277     2.84   0.004     .0000244    .0001329
     zR_dffr |  -.0003093   .0007218    -0.43   0.668    -.0017246     .001106
     zH_dffr |   .0000157   .0000195     0.80   0.421    -.0000225    .0000538
             |
       qdate |
        249  |   .0003441   .0000874     3.94   0.000     .0001727    .0005154
        250  |   .0015842   .0002116     7.49   0.000     .0011694     .001999
        251  |   .0033225   .0003107    10.69   0.000     .0027132    .0039317
        252  |   .0041931   .0002967    14.13   0.000     .0036113    .0047748
        253  |   .0039558   .0001925    20.55   0.000     .0035783    .0043332
        254  |   .0030993    .000226    13.71   0.000     .0026563    .0035424
             |
  qdate#c.ne |
        248  |   .0000776   .0003306     0.23   0.814    -.0005706    .0007257
        249  |   .0000559   .0003438     0.16   0.871    -.0006182      .00073
        250  |  -.0003131   .0004871    -0.64   0.520     -.001268    .0006419
        251  |  -.0012083    .000619    -1.95   0.051     -.002422    5.32e-06
        252  |  -.0007616   .0005143    -1.48   0.139      -.00177    .0002468
        253  |   .0003266   .0003827     0.85   0.393    -.0004237    .0010769
        254  |          0  (omitted)
             |
  qdate#c.ma |
        248  |   .0004748   .0003102     1.53   0.126    -.0001334     .001083
        249  |   .0004975   .0002979     1.67   0.095    -.0000865    .0010816
        250  |   .0005533   .0003207     1.73   0.085    -.0000756    .0011821
        251  |   .0003329   .0004309     0.77   0.440     -.000512    .0011778
        252  |   .0001206   .0004079     0.30   0.768    -.0006792    .0009204
        253  |   -.000041   .0003132    -0.13   0.896     -.000655     .000573
        254  |          0  (omitted)
             |
  qdate#c.ec |
        248  |    .000422   .0002381     1.77   0.076    -.0000449    .0008889
        249  |   .0003951    .000232     1.70   0.089    -.0000598    .0008501
        250  |  -.0000916   .0002507    -0.37   0.715    -.0005832       .0004
        251  |  -.0005768    .000319    -1.81   0.071    -.0012023    .0000487
        252  |  -.0007041   .0003194    -2.20   0.028    -.0013303   -.0000779
        253  |  -.0004379   .0002225    -1.97   0.049    -.0008742   -1.59e-06
        254  |          0  (omitted)
             |
  qdate#c.wc |
        248  |   .0002591    .000234     1.11   0.268    -.0001998     .000718
        249  |   .0002438   .0002281     1.07   0.285    -.0002033     .000691
        250  |  -.0001003   .0002457    -0.41   0.683     -.000582    .0003814
        251  |  -.0004914   .0003143    -1.56   0.118    -.0011076    .0001248
        252  |  -.0008156   .0003147    -2.59   0.010    -.0014326   -.0001986
        253  |  -.0005253   .0002154    -2.44   0.015    -.0009476    -.000103
        254  |          0  (omitted)
             |
  qdate#c.sa |
        248  |   .0002028   .0002503     0.81   0.418    -.0002879    .0006934
        249  |   .0001396   .0002476     0.56   0.573    -.0003458     .000625
        250  |  -.0002843   .0002744    -1.04   0.300    -.0008223    .0002537
        251  |  -.0007982   .0003412    -2.34   0.019    -.0014671   -.0001292
        252  |   -.000933   .0003353    -2.78   0.005    -.0015904   -.0002756
        253  |  -.0002365   .0002413    -0.98   0.327    -.0007095    .0002366
        254  |          0  (omitted)
             |
  qdate#c.es |
        248  |  -.0001372   .0002465    -0.56   0.578    -.0006206    .0003461
        249  |  -.0000624   .0002476    -0.25   0.801    -.0005478    .0004231
        250  |  -.0005156   .0002693    -1.91   0.056    -.0010437    .0000124
        251  |   -.000757   .0003406    -2.22   0.026    -.0014247   -.0000892
        252  |  -.0007105   .0003336    -2.13   0.033    -.0013646   -.0000564
        253  |  -.0007362   .0002308    -3.19   0.001    -.0011888   -.0002836
        254  |          0  (omitted)
             |
  qdate#c.ws |
        248  |   .0001792   .0002418     0.74   0.459    -.0002949    .0006533
        249  |   .0002014   .0002391     0.84   0.400    -.0002673    .0006702
        250  |  -7.81e-06   .0002584    -0.03   0.976    -.0005145    .0004989
        251  |  -.0004731   .0003254    -1.45   0.146     -.001111    .0001649
        252  |  -.0004898   .0003223    -1.52   0.129    -.0011218    .0001422
        253  |  -.0003867   .0002228    -1.74   0.083    -.0008235      .00005
        254  |          0  (omitted)
             |
  qdate#c.mt |
        248  |   .0003762   .0002684     1.40   0.161    -.0001501    .0009025
        249  |   .0002945   .0002595     1.14   0.256    -.0002142    .0008033
        250  |  -.0000265   .0002875    -0.09   0.927    -.0005901    .0005371
        251  |  -.0007916   .0003622    -2.19   0.029    -.0015016   -.0000815
        252  |   -.001106    .000354    -3.12   0.002    -.0018001   -.0004119
        253  |  -.0002138   .0002567    -0.83   0.405     -.000717    .0002895
        254  |          0  (omitted)
             |
       _cons |  -.0004803   .0002237    -2.15   0.032    -.0009189   -.0000416
------------------------------------------------------------------------------

Absorbed degrees of freedom:
-----------------------------------------------------+
 Absorbed FE | Categories  - Redundant  = Num. Coefs |
-------------+---------------------------------------|
      bankid |      3390        3390           0    *|
-----------------------------------------------------+
* = FE nested within cluster; treated as redundant for DoF computation

. test zS_dffr zR_dffr zH_dffr

 ( 1)  zS_dffr = 0
 ( 2)  zR_dffr = 0
 ( 3)  zH_dffr = 0

       F(  3,  3389) =    2.95
            Prob > F =    0.0314

. 
. *------------------------------------------------------
. * 4. Stage-1 regression
. *
. * Bank FE: absorbed via absorb(bank_id)
. * Quarter FE: i.qdate
. * Deposit-weighted region×quarter controls:
. *   c.<region_share>#i.qdate, with PC omitted to avoid perfect collinearity
. *------------------------------------------------------
. reghdfe d_average_interest_bearing_depos ///
>         zS_dffr zR_dffr zH_dffr ///
>         i.qdate ///
>         c.ne#i.qdate c.ma#i.qdate c.ec#i.qdate c.wc#i.qdate ///
>         c.sa#i.qdate c.es#i.qdate c.ws#i.qdate c.mt#i.qdate ///
>         if sample_stage1, ///
>         absorb(bankid) ///
>         cluster(bankid)
(dropped 27 singleton observations)
(MWFE estimator converged in 1 iterations)
note: 254.qdate#c.ne omitted because of collinearity
note: 254.qdate#c.ma omitted because of collinearity
note: 254.qdate#c.ec omitted because of collinearity
note: 254.qdate#c.wc omitted because of collinearity
note: 254.qdate#c.sa omitted because of collinearity
note: 254.qdate#c.es omitted because of collinearity
note: 254.qdate#c.ws omitted because of collinearity
note: 254.qdate#c.mt omitted because of collinearity

HDFE Linear regression                            Number of obs   =     28,392
Absorbing 1 HDFE group                            F(  57,   4171) =       7.76
Statistics robust to heteroskedasticity           Prob > F        =     0.0000
                                                  R-squared       =     0.2672
                                                  Adj R-squared   =     0.1390
                                                  Within R-sq.    =     0.0090
Number of clusters (bankid)  =      4,172         Root MSE        =     0.1873

                             (Std. err. adjusted for 4,172 clusters in bankid)
------------------------------------------------------------------------------
             |               Robust
d_average_~s | Coefficient  std. err.      t    P>|t|     [95% conf. interval]
-------------+----------------------------------------------------------------
     zS_dffr |   .0060455   .0028782     2.10   0.036     .0004027    .0116884
     zR_dffr |  -.0028708   .0060479    -0.47   0.635     -.014728    .0089864
     zH_dffr |   .0007393   .0015203     0.49   0.627    -.0022413    .0037199
             |
       qdate |
        249  |  -.0917081   .0631421    -1.45   0.146    -.2155002     .032084
        250  |   .0031315   .0966894     0.03   0.974    -.1864313    .1926943
        251  |   -.118921   .0766835    -1.55   0.121    -.2692616    .0314196
        252  |  -.0843197   .0687624    -1.23   0.220    -.2191306    .0504913
        253  |   -.100954   .0667689    -1.51   0.131    -.2318567    .0299487
        254  |  -.0517719    .052915    -0.98   0.328    -.1555135    .0519697
             |
  qdate#c.ne |
        248  |  -.0333011    .055592    -0.60   0.549    -.1422911    .0756889
        249  |   .0107777   .0167991     0.64   0.521    -.0221575    .0437128
        250  |  -.0685233   .0729509    -0.94   0.348    -.2115459    .0744993
        251  |   .0855597   .0448005     1.91   0.056    -.0022731    .1733926
        252  |   .0312904   .0219512     1.43   0.154    -.0117457    .0743265
        253  |   .0378605   .0421853     0.90   0.370    -.0448451    .1205661
        254  |          0  (omitted)
             |
  qdate#c.ma |
        248  |  -.0467212   .0557183    -0.84   0.402    -.1559587    .0625163
        249  |  -.0062719   .0166378    -0.38   0.706    -.0388908     .026347
        250  |   -.068437   .0741926    -0.92   0.356     -.213894      .07702
        251  |   .0394567   .0377505     1.05   0.296    -.0345545    .1134678
        252  |    .042653   .0209582     2.04   0.042     .0015638    .0837422
        253  |   .0121625   .0423099     0.29   0.774    -.0707874    .0951124
        254  |          0  (omitted)
             |
  qdate#c.ec |
        248  |  -.0462939   .0534894    -0.87   0.387    -.1511616    .0585738
        249  |    .005754   .0167212     0.34   0.731    -.0270285    .0385366
        250  |  -.0820004   .0726718    -1.13   0.259    -.2244759    .0604751
        251  |   .0500696    .039633     1.26   0.207    -.0276322    .1277715
        252  |   .0314869   .0201743     1.56   0.119    -.0080655    .0710392
        253  |   .0256328    .041562     0.62   0.537    -.0558508    .1071165
        254  |          0  (omitted)
             |
  qdate#c.wc |
        248  |  -.0188575   .0530366    -0.36   0.722    -.1228374    .0851225
        249  |   .0408991   .0141076     2.90   0.004     .0132408    .0685575
        250  |  -.0604116   .0718803    -0.84   0.401    -.2013354    .0805122
        251  |   .0678596   .0370299     1.83   0.067    -.0047386    .1404579
        252  |   .0535282   .0191828     2.79   0.005     .0159196    .0911368
        253  |   .0442983   .0407522     1.09   0.277    -.0355978    .1241944
        254  |          0  (omitted)
             |
  qdate#c.sa |
        248  |  -.0308807   .0535042    -0.58   0.564    -.1357775     .074016
        249  |   .0331038   .0157073     2.11   0.035     .0023091    .0638986
        250  |  -.0644727   .0722021    -0.89   0.372    -.2060272    .0770818
        251  |   .0779802   .0385904     2.02   0.043     .0023225    .1536379
        252  |   .0352648   .0199942     1.76   0.078    -.0039345    .0744641
        253  |   .0435823   .0412529     1.06   0.291    -.0372954      .12446
        254  |          0  (omitted)
             |
  qdate#c.es |
        248  |  -.0419138    .053218    -0.79   0.431    -.1462495    .0624219
        249  |   .0285662   .0163213     1.75   0.080    -.0034323    .0605647
        250  |  -.0695015   .0716544    -0.97   0.332    -.2099823    .0709794
        251  |    .063309   .0392531     1.61   0.107     -.013648    .1402661
        252  |   .0365972   .0196311     1.86   0.062    -.0018902    .0750846
        253  |   .0292099   .0408791     0.71   0.475     -.050935    .1093548
        254  |          0  (omitted)
             |
  qdate#c.ws |
        248  |  -.0162222   .0559108    -0.29   0.772    -.1258372    .0933928
        249  |   .0315802   .0154413     2.05   0.041     .0013069    .0618534
        250  |  -.0631433   .0717616    -0.88   0.379    -.2038342    .0775476
        251  |   .0743199   .0384703     1.93   0.053    -.0011024    .1497422
        252  |   .0409261   .0192682     2.12   0.034     .0031501     .078702
        253  |   .0395873    .040937     0.97   0.334    -.0406711    .1198457
        254  |          0  (omitted)
             |
  qdate#c.mt |
        248  |     -.0432    .054271    -0.80   0.426    -.1496002    .0632002
        249  |   .0323708   .0161831     2.00   0.046     .0006433    .0640983
        250  |  -.0626032   .0730521    -0.86   0.392    -.2058243    .0806179
        251  |   .0384233   .0384747     1.00   0.318    -.0370076    .1138541
        252  |   .0198236    .020183     0.98   0.326    -.0197458    .0593931
        253  |   .0376897   .0418104     0.90   0.367     -.044281    .1196604
        254  |          0  (omitted)
             |
       _cons |   .0722126    .052903     1.37   0.172    -.0315054    .1759306
------------------------------------------------------------------------------

Absorbed degrees of freedom:
-----------------------------------------------------+
 Absorbed FE | Categories  - Redundant  = Num. Coefs |
-------------+---------------------------------------|
      bankid |      4172        4172           0    *|
-----------------------------------------------------+
* = FE nested within cluster; treated as redundant for DoF computation

. 
. * Test joint significance of the three policy–exposure interactions
. test zS_dffr zR_dffr zH_dffr

 ( 1)  zS_dffr = 0
 ( 2)  zR_dffr = 0
 ( 3)  zH_dffr = 0

       F(  3,  4171) =    1.79
            Prob > F =    0.1476

. 
. *------------------------------------------------------
. * 5. Subsample regressions by size (large_bank)
. *------------------------------------------------------
. * Large banks (large_bank == 1)
. reghdfe d_average_interest_bearing_depos ///
>         zS_dffr zR_dffr zH_dffr ///
>         i.qdate ///
>         c.ne#i.qdate c.ma#i.qdate c.ec#i.qdate c.wc#i.qdate ///
>         c.sa#i.qdate c.es#i.qdate c.ws#i.qdate c.mt#i.qdate ///
>         if sample_stage1 & large_bank == 1 , ///
>         absorb(bankid) ///
>         cluster(bankid)
(dropped 7 singleton observations)
(MWFE estimator converged in 1 iterations)
note: 254.qdate#c.ne omitted because of collinearity
note: 254.qdate#c.ma omitted because of collinearity
note: 254.qdate#c.ec omitted because of collinearity
note: 254.qdate#c.wc omitted because of collinearity
note: 254.qdate#c.sa omitted because of collinearity
note: 254.qdate#c.es omitted because of collinearity
note: 254.qdate#c.ws omitted because of collinearity
note: 254.qdate#c.mt omitted because of collinearity

HDFE Linear regression                            Number of obs   =      5,238
Absorbing 1 HDFE group                            F(  57,    781) =       3.84
Statistics robust to heteroskedasticity           Prob > F        =     0.0000
                                                  R-squared       =     0.3433
                                                  Adj R-squared   =     0.2182
                                                  Within R-sq.    =     0.0149
Number of clusters (bankid)  =        782         Root MSE        =     0.2384

                               (Std. err. adjusted for 782 clusters in bankid)
------------------------------------------------------------------------------
             |               Robust
d_average_~s | Coefficient  std. err.      t    P>|t|     [95% conf. interval]
-------------+----------------------------------------------------------------
     zS_dffr |   .0004434   .0048552     0.09   0.927    -.0090874    .0099742
     zR_dffr |  -.7943014   .4829929    -1.64   0.100    -1.742419    .1538167
     zH_dffr |  -.0081261   .0056246    -1.44   0.149    -.0191673    .0029151
             |
       qdate |
        249  |  -.0900344   .0353451    -2.55   0.011     -.159417   -.0206519
        250  |    .053708   .1163053     0.46   0.644       -.1746     .282016
        251  |  -.1319754   .0988895    -1.33   0.182    -.3260961    .0621452
        252  |  -.0368922   .0178282    -2.07   0.039     -.071889   -.0018954
        253  |  -.0968065   .0899437    -1.08   0.282    -.2733665    .0797535
        254  |  -.0010826    .014022    -0.08   0.938    -.0286078    .0264426
             |
  qdate#c.ne |
        248  |   .0339687   .0312152     1.09   0.277     -.027307    .0952444
        249  |   .0300601   .0196656     1.53   0.127    -.0085437    .0686638
        250  |  -.1168444   .1481573    -0.79   0.431     -.407678    .1739893
        251  |   .1239892   .0746797     1.66   0.097    -.0226074    .2705858
        252  |   .0335004   .0180403     1.86   0.064    -.0019129    .0689136
        253  |   .0959086   .0888276     1.08   0.281    -.0784605    .2702777
        254  |          0  (omitted)
             |
  qdate#c.ma |
        248  |    .020641   .0341254     0.60   0.545    -.0463474    .0876294
        249  |  -.0007012    .015019    -0.05   0.963    -.0301835    .0287811
        250  |  -.1358436   .1509603    -0.90   0.368    -.4321796    .1604925
        251  |   .0664109    .073123     0.91   0.364      -.07713    .2099518
        252  |   .0219106   .0169527     1.29   0.197    -.0113677    .0551889
        253  |   .0809964   .0900129     0.90   0.368    -.0956994    .2576923
        254  |          0  (omitted)
             |
  qdate#c.ec |
        248  |  -.0130433    .016379    -0.80   0.426    -.0451954    .0191087
        249  |   .0068913   .0123075     0.56   0.576    -.0172683    .0310509
        250  |  -.1198641   .1476786    -0.81   0.417    -.4097581    .1700299
        251  |    .064415   .0720244     0.89   0.371    -.0769692    .2057993
        252  |    .055922    .027761     2.01   0.044     .0014271     .110417
        253  |   .0885309   .0879559     1.01   0.314     -.084127    .2611888
        254  |          0  (omitted)
             |
  qdate#c.wc |
        248  |  -.0218251   .0168546    -1.29   0.196    -.0549108    .0112606
        249  |   .0053587    .013991     0.38   0.702    -.0221057    .0328231
        250  |  -.1155767   .1453917    -0.79   0.427    -.4009814    .1698281
        251  |   .0881552   .0751698     1.17   0.241    -.0594036    .2357139
        252  |   .0331902   .0164284     2.02   0.044     .0009411    .0654393
        253  |   .0748531     .08809     0.85   0.396    -.0980681    .2477743
        254  |          0  (omitted)
             |
  qdate#c.sa |
        248  |   .0144403   .0226819     0.64   0.525    -.0300845    .0589651
        249  |   .0215847    .017142     1.26   0.208    -.0120651    .0552345
        250  |  -.1419562   .1490745    -0.95   0.341    -.4345904     .150678
        251  |   .0767076   .0727823     1.05   0.292    -.0661646    .2195798
        252  |   .0425345   .0221289     1.92   0.055    -.0009047    .0859737
        253  |   .1048998   .0896903     1.17   0.243    -.0711628    .2809623
        254  |          0  (omitted)
             |
  qdate#c.es |
        248  |   .0001261   .0182605     0.01   0.994    -.0357194    .0359717
        249  |   .0054046   .0159537     0.34   0.735    -.0259125    .0367217
        250  |  -.1347923   .1425605    -0.95   0.345    -.4146394    .1450548
        251  |   .0863895   .0755287     1.14   0.253    -.0618738    .2346527
        252  |   .0151044   .0189449     0.80   0.426    -.0220845    .0522932
        253  |   .0735783   .0874394     0.84   0.400    -.0980657    .2452223
        254  |          0  (omitted)
             |
  qdate#c.ws |
        248  |    .006694   .0165928     0.40   0.687    -.0258777    .0392658
        249  |   .0203607   .0147022     1.38   0.166    -.0084998    .0492212
        250  |  -.1284845   .1444187    -0.89   0.374    -.4119793    .1550103
        251  |   .1074205    .075535     1.42   0.155    -.0408552    .2556962
        252  |   .0282459   .0155435     1.82   0.070     -.002266    .0587579
        253  |   .0829286   .0883755     0.94   0.348    -.0905529    .2564102
        254  |          0  (omitted)
             |
  qdate#c.mt |
        248  |  -.0022729   .0216066    -0.11   0.916    -.0446868     .040141
        249  |   .0438531    .018888     2.32   0.021     .0067758    .0809303
        250  |  -.1247706   .1583265    -0.79   0.431    -.4355664    .1860253
        251  |   .0839613    .077321     1.09   0.278    -.0678203    .2357428
        252  |   .0183867    .017925     1.03   0.305    -.0168002    .0535736
        253  |   .1011442   .0925194     1.09   0.275     -.080472    .2827604
        254  |          0  (omitted)
             |
       _cons |   .0215484   .0145766     1.48   0.140    -.0070655    .0501623
------------------------------------------------------------------------------

Absorbed degrees of freedom:
-----------------------------------------------------+
 Absorbed FE | Categories  - Redundant  = Num. Coefs |
-------------+---------------------------------------|
      bankid |       782         782           0    *|
-----------------------------------------------------+
* = FE nested within cluster; treated as redundant for DoF computation

. test zS_dffr zR_dffr zH_dffr

 ( 1)  zS_dffr = 0
 ( 2)  zR_dffr = 0
 ( 3)  zH_dffr = 0

       F(  3,   781) =    1.14
            Prob > F =    0.3337

. 
. * Small banks (large_bank == 0)
. reghdfe d_average_interest_bearing_depos ///
>         zS_dffr zR_dffr zH_dffr ///
>         i.qdate ///
>         c.ne#i.qdate c.ma#i.qdate c.ec#i.qdate c.wc#i.qdate ///
>         c.sa#i.qdate c.es#i.qdate c.ws#i.qdate c.mt#i.qdate ///
>         if sample_stage1 & large_bank == 0, ///
>         absorb(bankid) ///
>         cluster(bankid)
(dropped 20 singleton observations)
(MWFE estimator converged in 1 iterations)
note: 254.qdate#c.ne omitted because of collinearity
note: 254.qdate#c.ma omitted because of collinearity
note: 254.qdate#c.ec omitted because of collinearity
note: 254.qdate#c.wc omitted because of collinearity
note: 254.qdate#c.sa omitted because of collinearity
note: 254.qdate#c.es omitted because of collinearity
note: 254.qdate#c.ws omitted because of collinearity
note: 254.qdate#c.mt omitted because of collinearity

HDFE Linear regression                            Number of obs   =     23,154
Absorbing 1 HDFE group                            F(  57,   3389) =       7.63
Statistics robust to heteroskedasticity           Prob > F        =     0.0000
                                                  R-squared       =     0.2327
                                                  Adj R-squared   =     0.0985
                                                  Within R-sq.    =     0.0107
Number of clusters (bankid)  =      3,390         Root MSE        =     0.1738

                             (Std. err. adjusted for 3,390 clusters in bankid)
------------------------------------------------------------------------------
             |               Robust
d_average_~s | Coefficient  std. err.      t    P>|t|     [95% conf. interval]
-------------+----------------------------------------------------------------
     zS_dffr |    .006264   .0031048     2.02   0.044     .0001765    .0123516
     zR_dffr |   -.000151   .0055939    -0.03   0.978    -.0111187    .0108167
     zH_dffr |   .0017115   .0016059     1.07   0.287    -.0014372    .0048602
             |
       qdate |
        249  |  -.1346145   .1139803    -1.18   0.238    -.3580917    .0888626
        250  |  -.0924912    .124878    -0.74   0.459    -.3373351    .1523527
        251  |  -.1501666    .125419    -1.20   0.231    -.3960712    .0957379
        252  |  -.1352654   .1252275    -1.08   0.280    -.3807944    .1102637
        253  |  -.1059908   .0964847    -1.10   0.272    -.2951648    .0831832
        254  |  -.0955589   .0962407    -0.99   0.321    -.2842545    .0931368
             |
  qdate#c.ne |
        248  |  -.0941177   .0979428    -0.96   0.337    -.2861506    .0979152
        249  |  -.0030844   .0262281    -0.12   0.906    -.0545089    .0483401
        250  |  -.0209981   .0395521    -0.53   0.596    -.0985465    .0565503
        251  |   .0550175   .0593898     0.93   0.354    -.0614258    .1714609
        252  |   .0295711   .0382776     0.77   0.440    -.0454783    .1046206
        253  |   -.013131   .0201754    -0.65   0.515    -.0526881    .0264261
        254  |          0  (omitted)
             |
  qdate#c.ma |
        248  |  -.1017124   .0973424    -1.04   0.296    -.2925681    .0891433
        249  |  -.0073134   .0275279    -0.27   0.791    -.0612864    .0466596
        250  |  -.0076014   .0456879    -0.17   0.868    -.0971801    .0819773
        251  |   .0216662    .035184     0.62   0.538    -.0473178    .0906502
        252  |   .0593359   .0353535     1.68   0.093    -.0099805    .1286523
        253  |  -.0438875   .0211932    -2.07   0.038    -.0854404   -.0023347
        254  |          0  (omitted)
             |
  qdate#c.ec |
        248  |   -.086275   .0966568    -0.89   0.372    -.2757865    .1032364
        249  |   .0057819   .0254726     0.23   0.820    -.0441612    .0557251
        250  |  -.0335862   .0412687    -0.81   0.416    -.1145003     .047328
        251  |    .038458     .03693     1.04   0.298    -.0339493    .1108652
        252  |   .0327477   .0330673     0.99   0.322    -.0320863    .0975816
        253  |  -.0160221   .0170621    -0.94   0.348     -.049475    .0174309
        254  |          0  (omitted)
             |
  qdate#c.wc |
        248  |  -.0577493   .0962933    -0.60   0.549    -.2465481    .1310495
        249  |   .0439513   .0229809     1.91   0.056    -.0011064    .0890091
        250  |  -.0082906   .0395245    -0.21   0.834    -.0857849    .0692038
        251  |   .0554458   .0327027     1.70   0.090    -.0086732    .1195648
        252  |   .0618326   .0324248     1.91   0.057    -.0017415    .1254067
        253  |    .006957   .0141078     0.49   0.622    -.0207036    .0346176
        254  |          0  (omitted)
             |
  qdate#c.sa |
        248  |  -.0731588   .0966234    -0.76   0.449    -.2626049    .1162873
        249  |   .0360007   .0247229     1.46   0.145    -.0124726     .084474
        250  |  -.0076879   .0415061    -0.19   0.853    -.0890675    .0736917
        251  |   .0699928    .035067     2.00   0.046     .0012382    .1387475
        252  |   .0382168   .0331036     1.15   0.248    -.0266881    .1031218
        253  |   .0009878   .0154937     0.06   0.949    -.0293902    .0313658
        254  |          0  (omitted)
             |
  qdate#c.es |
        248  |  -.0840483    .096443    -0.87   0.384    -.2731407    .1050441
        249  |   .0324597   .0252553     1.29   0.199    -.0170574    .0819769
        250  |  -.0159119   .0420145    -0.38   0.705    -.0982883    .0664645
        251  |   .0502378   .0355425     1.41   0.158    -.0194492    .1199248
        252  |   .0457564    .032939     1.39   0.165    -.0188259    .1103386
        253  |  -.0093387   .0146719    -0.64   0.524    -.0381054     .019428
        254  |          0  (omitted)
             |
  qdate#c.ws |
        248  |  -.0547614   .0984983    -0.56   0.578    -.2478835    .1383607
        249  |   .0335323   .0244418     1.37   0.170    -.0143898    .0814545
        250  |  -.0096482   .0414487    -0.23   0.816    -.0909151    .0716187
        251  |   .0591881   .0344417     1.72   0.086    -.0083405    .1267167
        252  |   .0489272   .0326643     1.50   0.134    -.0151165    .1129708
        253  |   .0014158   .0146954     0.10   0.923    -.0273969    .0302285
        254  |          0  (omitted)
             |
  qdate#c.mt |
        248  |    -.08241   .0971024    -0.85   0.396    -.2727952    .1079752
        249  |   .0291159   .0248116     1.17   0.241    -.0195312     .077763
        250  |  -.0112748   .0402063    -0.28   0.779    -.0901059    .0675563
        251  |    .018142   .0340564     0.53   0.594    -.0486312    .0849153
        252  |   .0256143   .0333264     0.77   0.442    -.0397276    .0909562
        253  |  -.0041693    .016425    -0.25   0.800    -.0363732    .0280347
        254  |          0  (omitted)
             |
       _cons |   .1133351   .0962853     1.18   0.239     -.075448    .3021182
------------------------------------------------------------------------------

Absorbed degrees of freedom:
-----------------------------------------------------+
 Absorbed FE | Categories  - Redundant  = Num. Coefs |
-------------+---------------------------------------|
      bankid |      3390        3390           0    *|
-----------------------------------------------------+
* = FE nested within cluster; treated as redundant for DoF computation

. test zS_dffr zR_dffr zH_dffr

 ( 1)  zS_dffr = 0
 ( 2)  zR_dffr = 0
 ( 3)  zH_dffr = 0

       F(  3,  3389) =    1.48
            Prob > F =    0.2185

. 
. reghdfe d_average_deposit ///
>         zS_dffr zR_dffr zH_dffr ///
>         i.qdate ///
>         c.ne#i.qdate c.ma#i.qdate c.ec#i.qdate c.wc#i.qdate ///
>         c.sa#i.qdate c.es#i.qdate c.ws#i.qdate c.mt#i.qdate ///
>         if sample_stage1, ///
>         absorb(bankid) ///
>         cluster(bankid)
(dropped 27 singleton observations)
(MWFE estimator converged in 1 iterations)
note: 254.qdate#c.ne omitted because of collinearity
note: 254.qdate#c.ma omitted because of collinearity
note: 254.qdate#c.ec omitted because of collinearity
note: 254.qdate#c.wc omitted because of collinearity
note: 254.qdate#c.sa omitted because of collinearity
note: 254.qdate#c.es omitted because of collinearity
note: 254.qdate#c.ws omitted because of collinearity
note: 254.qdate#c.mt omitted because of collinearity

HDFE Linear regression                            Number of obs   =     28,395
Absorbing 1 HDFE group                            F(  57,   4171) =      18.09
Statistics robust to heteroskedasticity           Prob > F        =     0.0000
                                                  R-squared       =     0.2513
                                                  Adj R-squared   =     0.1203
                                                  Within R-sq.    =     0.0310
Number of clusters (bankid)  =      4,172         Root MSE        =     0.0844

                             (Std. err. adjusted for 4,172 clusters in bankid)
------------------------------------------------------------------------------
             |               Robust
d_average_~t | Coefficient  std. err.      t    P>|t|     [95% conf. interval]
-------------+----------------------------------------------------------------
     zS_dffr |  -.0003505   .0015667    -0.22   0.823    -.0034221     .002721
     zR_dffr |   .0007986   .0074676     0.11   0.915    -.0138419    .0154391
     zH_dffr |  -.0002821   .0009718    -0.29   0.772    -.0021873    .0016232
             |
       qdate |
        249  |  -.0530697    .035049    -1.51   0.130    -.1217846    .0156451
        250  |   .0013802   .0516543     0.03   0.979    -.0998898    .1026502
        251  |  -.0737362   .0398365    -1.85   0.064     -.151837    .0043647
        252  |  -.0733673   .0398355    -1.84   0.066    -.1514662    .0047315
        253  |  -.0501006   .0300955    -1.66   0.096    -.1091037    .0089025
        254  |  -.0305502   .0304822    -1.00   0.316    -.0903116    .0292113
             |
  qdate#c.ne |
        248  |  -.0106401   .0338978    -0.31   0.754    -.0770979    .0558177
        249  |   .0094517   .0113454     0.83   0.405    -.0127913    .0316948
        250  |  -.0360702   .0318047    -1.13   0.257    -.0984244    .0262839
        251  |   .0549361   .0261003     2.10   0.035     .0037656    .1061066
        252  |   .0280351   .0170862     1.64   0.101    -.0054628    .0615331
        253  |   .0025291   .0115577     0.22   0.827    -.0201302    .0251883
        254  |          0  (omitted)
             |
  qdate#c.ma |
        248  |   -.010739   .0343461    -0.31   0.755    -.0780757    .0565977
        249  |  -.0008735   .0114929    -0.08   0.939    -.0234057    .0216588
        250  |  -.0380937   .0326701    -1.17   0.244    -.1021446    .0259571
        251  |   .0141664   .0155036     0.91   0.361     -.016229    .0445617
        252  |   .0421399   .0168613     2.50   0.012     .0090828    .0751971
        253  |  -.0136516   .0111906    -1.22   0.223    -.0355912    .0082879
        254  |          0  (omitted)
             |
  qdate#c.ec |
        248  |  -.0122272   .0306416    -0.40   0.690    -.0723011    .0478467
        249  |   .0129062   .0082169     1.57   0.116    -.0032033    .0290158
        250  |  -.0351112   .0322516    -1.09   0.276    -.0983415    .0281191
        251  |   .0298848   .0128651     2.32   0.020     .0046623    .0551073
        252  |   .0397342   .0153697     2.59   0.010     .0096014     .069867
        253  |   .0082373   .0084676     0.97   0.331    -.0083637    .0248382
        254  |          0  (omitted)
             |
  qdate#c.wc |
        248  |   .0096279   .0306016     0.31   0.753    -.0503676    .0696234
        249  |   .0261025   .0080047     3.26   0.001      .010409    .0417959
        250  |  -.0329091   .0321541    -1.02   0.306    -.0959482      .03013
        251  |   .0525819   .0127562     4.12   0.000     .0275729    .0775908
        252  |   .0495493   .0152256     3.25   0.001      .019699    .0793996
        253  |   .0090828   .0081593     1.11   0.266    -.0069137    .0250793
        254  |          0  (omitted)
             |
  qdate#c.sa |
        248  |   .0046933   .0311184     0.15   0.880    -.0563154     .065702
        249  |   .0287545   .0099083     2.90   0.004     .0093289    .0481801
        250  |  -.0337018   .0330139    -1.02   0.307    -.0984266     .031023
        251  |   .0400903   .0141184     2.84   0.005     .0124106    .0677699
        252  |   .0414807   .0161226     2.57   0.010     .0098719    .0730895
        253  |   .0105719   .0095358     1.11   0.268    -.0081233    .0292671
        254  |          0  (omitted)
             |
  qdate#c.es |
        248  |  -.0059596    .030767    -0.19   0.846    -.0662792      .05436
        249  |   .0243426   .0090103     2.70   0.007     .0066776    .0420075
        250  |  -.0411967   .0334775    -1.23   0.219    -.1068305    .0244371
        251  |   .0309356   .0138687     2.23   0.026     .0037456    .0581256
        252  |   .0462978   .0154541     3.00   0.003     .0159995    .0765961
        253  |   .0045895   .0086535     0.53   0.596    -.0123761    .0215551
        254  |          0  (omitted)
             |
  qdate#c.ws |
        248  |  -.0038188    .030725    -0.12   0.901    -.0640561    .0564186
        249  |   .0249888   .0086597     2.89   0.004     .0080113    .0419664
        250  |  -.0298434   .0331475    -0.90   0.368    -.0948301    .0351433
        251  |   .0429881   .0134189     3.20   0.001     .0166798    .0692963
        252  |   .0392513   .0154069     2.55   0.011     .0090455    .0694571
        253  |   .0099671   .0090378     1.10   0.270    -.0077518     .027686
        254  |          0  (omitted)
             |
  qdate#c.mt |
        248  |  -.0203444    .031362    -0.65   0.517    -.0818305    .0411418
        249  |   .0228081   .0102647     2.22   0.026     .0026838    .0429324
        250  |  -.0285098   .0327101    -0.87   0.383    -.0926391    .0356195
        251  |   .0248954   .0143436     1.74   0.083    -.0032257    .0530165
        252  |    .019583   .0163625     1.20   0.231    -.0124963    .0516623
        253  |   .0020999    .009451     0.22   0.824     -.016429    .0206288
        254  |          0  (omitted)
             |
       _cons |   .0392423   .0304524     1.29   0.198    -.0204606    .0989453
------------------------------------------------------------------------------

Absorbed degrees of freedom:
-----------------------------------------------------+
 Absorbed FE | Categories  - Redundant  = Num. Coefs |
-------------+---------------------------------------|
      bankid |      4172        4172           0    *|
-----------------------------------------------------+
* = FE nested within cluster; treated as redundant for DoF computation

. test zS_dffr zR_dffr zH_dffr

 ( 1)  zS_dffr = 0
 ( 2)  zR_dffr = 0
 ( 3)  zH_dffr = 0

       F(  3,  4171) =    0.03
            Prob > F =    0.9933

. 
. reghdfe d_average_deposit ///
>         zS_dffr zR_dffr zH_dffr ///
>         i.qdate ///
>         c.ne#i.qdate c.ma#i.qdate c.ec#i.qdate c.wc#i.qdate ///
>         c.sa#i.qdate c.es#i.qdate c.ws#i.qdate c.mt#i.qdate ///
>         if sample_stage1 & large_bank == 0, ///
>         absorb(bankid) ///
>         cluster(bankid)
(dropped 20 singleton observations)
(MWFE estimator converged in 1 iterations)
note: 254.qdate#c.ne omitted because of collinearity
note: 254.qdate#c.ma omitted because of collinearity
note: 254.qdate#c.ec omitted because of collinearity
note: 254.qdate#c.wc omitted because of collinearity
note: 254.qdate#c.sa omitted because of collinearity
note: 254.qdate#c.es omitted because of collinearity
note: 254.qdate#c.ws omitted because of collinearity
note: 254.qdate#c.mt omitted because of collinearity

HDFE Linear regression                            Number of obs   =     23,157
Absorbing 1 HDFE group                            F(  57,   3389) =      18.50
Statistics robust to heteroskedasticity           Prob > F        =     0.0000
                                                  R-squared       =     0.2490
                                                  Adj R-squared   =     0.1177
                                                  Within R-sq.    =     0.0354
Number of clusters (bankid)  =      3,390         Root MSE        =     0.0872

                             (Std. err. adjusted for 3,390 clusters in bankid)
------------------------------------------------------------------------------
             |               Robust
d_average_~t | Coefficient  std. err.      t    P>|t|     [95% conf. interval]
-------------+----------------------------------------------------------------
     zS_dffr |   .0004569   .0016755     0.27   0.785    -.0028283     .003742
     zR_dffr |    .000915   .0073751     0.12   0.901    -.0135451    .0153751
     zH_dffr |   .0005926   .0009603     0.62   0.537    -.0012902    .0024755
             |
       qdate |
        249  |  -.0827347   .0631783    -1.31   0.190    -.2066063    .0411368
        250  |    .012636   .0936566     0.13   0.893    -.1709931    .1962651
        251  |   -.107659    .071764    -1.50   0.134     -.248364    .0330461
        252  |  -.1073509   .0722918    -1.48   0.138    -.2490909    .0343891
        253  |  -.0792788   .0548094    -1.45   0.148    -.1867416     .028184
        254  |  -.0483428    .055645    -0.87   0.385    -.1574438    .0607583
             |
  qdate#c.ne |
        248  |  -.0348358   .0572763    -0.61   0.543    -.1471353    .0774637
        249  |   .0128745   .0175059     0.74   0.462    -.0214487    .0471977
        250  |  -.0638916   .0584539    -1.09   0.274    -.1785001    .0507169
        251  |   .0637097   .0481624     1.32   0.186    -.0307206      .15814
        252  |   .0372219   .0299562     1.24   0.214    -.0215121    .0959558
        253  |   .0071961   .0190707     0.38   0.706    -.0301951    .0445873
        254  |          0  (omitted)
             |
  qdate#c.ma |
        248  |  -.0425136   .0566305    -0.75   0.453     -.153547    .0685199
        249  |   .0083702   .0188291     0.44   0.657    -.0285474    .0452878
        250  |  -.0645157   .0588303    -1.10   0.273    -.1798621    .0508307
        251  |   .0237993    .025758     0.92   0.356    -.0267035    .0743021
        252  |   .0646752   .0286586     2.26   0.024     .0084853    .1208652
        253  |  -.0171842   .0184302    -0.93   0.351    -.0533196    .0189511
        254  |          0  (omitted)
             |
  qdate#c.ec |
        248  |  -.0262924   .0557384    -0.47   0.637    -.1355767    .0829919
        249  |   .0265076   .0133244     1.99   0.047     .0003829    .0526324
        250  |  -.0651317   .0581553    -1.12   0.263    -.1791548    .0488914
        251  |   .0460223   .0216801     2.12   0.034     .0035149    .0885297
        252  |   .0553785   .0264344     2.09   0.036     .0035495    .1072074
        253  |   .0183069   .0140161     1.31   0.192    -.0091739    .0457877
        254  |          0  (omitted)
             |
  qdate#c.wc |
        248  |  -.0047223   .0557045    -0.08   0.932    -.1139403    .1044956
        249  |   .0399838   .0131148     3.05   0.002       .01427    .0656976
        250  |   -.061886   .0580429    -1.07   0.286    -.1756886    .0519166
        251  |   .0688534   .0215537     3.19   0.001     .0265938     .111113
        252  |   .0660134   .0263428     2.51   0.012     .0143641    .1176627
        253  |   .0205813   .0137614     1.50   0.135    -.0064001    .0475627
        254  |          0  (omitted)
             |
  qdate#c.sa |
        248  |  -.0106991   .0560767    -0.19   0.849    -.1206466    .0992484
        249  |   .0416678   .0148736     2.80   0.005     .0125057    .0708299
        250  |  -.0594087   .0589116    -1.01   0.313    -.1749145    .0560972
        251  |   .0594265   .0228257     2.60   0.009     .0146729      .10418
        252  |   .0526716   .0269795     1.95   0.051     -.000226    .1055693
        253  |   .0223502    .014854     1.50   0.133    -.0067735    .0514738
        254  |          0  (omitted)
             |
  qdate#c.es |
        248  |  -.0233023   .0558382    -0.42   0.676    -.1327821    .0861776
        249  |   .0403001   .0140555     2.87   0.004      .012742    .0678582
        250  |  -.0691359   .0593309    -1.17   0.244    -.1854637     .047192
        251  |   .0476648    .022641     2.11   0.035     .0032734    .0920562
        252  |   .0629358   .0265412     2.37   0.018     .0108975    .1149741
        253  |   .0166063   .0141637     1.17   0.241    -.0111639    .0443765
        254  |          0  (omitted)
             |
  qdate#c.ws |
        248  |  -.0226517   .0557941    -0.41   0.685    -.1320453    .0867418
        249  |   .0387281   .0137512     2.82   0.005     .0117665    .0656896
        250  |  -.0574175   .0590137    -0.97   0.331    -.1731236    .0582886
        251  |   .0576181   .0221979     2.60   0.009     .0140955    .1011407
        252  |   .0566876   .0265125     2.14   0.033     .0047055    .1086696
        253  |   .0222834   .0144683     1.54   0.124    -.0060841    .0506508
        254  |          0  (omitted)
             |
  qdate#c.mt |
        248  |  -.0365061   .0561666    -0.65   0.516    -.1466299    .0736177
        249  |   .0302925   .0148912     2.03   0.042     .0010958    .0594891
        250  |  -.0598674   .0582515    -1.03   0.304     -.174079    .0543443
        251  |   .0336512   .0223513     1.51   0.132    -.0101723    .0774746
        252  |    .033717   .0272714     1.24   0.216     -.019753     .087187
        253  |   .0106292   .0147687     0.72   0.472    -.0183272    .0395856
        254  |          0  (omitted)
             |
       _cons |   .0558712   .0556455     1.00   0.315    -.0532309    .1649733
------------------------------------------------------------------------------

Absorbed degrees of freedom:
-----------------------------------------------------+
 Absorbed FE | Categories  - Redundant  = Num. Coefs |
-------------+---------------------------------------|
      bankid |      3390        3390           0    *|
-----------------------------------------------------+
* = FE nested within cluster; treated as redundant for DoF computation

. test zS_dffr zR_dffr zH_dffr

 ( 1)  zS_dffr = 0
 ( 2)  zR_dffr = 0
 ( 3)  zH_dffr = 0

       F(  3,  3389) =    0.17
            Prob > F =    0.9134

. 
. 
. reghdfe d_average_deposit ///
>         zS_dffr zR_dffr zH_dffr ///
>         i.qdate ///
>         c.ne#i.qdate c.ma#i.qdate c.ec#i.qdate c.wc#i.qdate ///
>         c.sa#i.qdate c.es#i.qdate c.ws#i.qdate c.mt#i.qdate ///
>         if sample_stage1 & large_bank == 1, ///
>         absorb(bankid) ///
>         cluster(bankid)
(dropped 7 singleton observations)
(MWFE estimator converged in 1 iterations)
note: 254.qdate#c.ne omitted because of collinearity
note: 254.qdate#c.ma omitted because of collinearity
note: 254.qdate#c.ec omitted because of collinearity
note: 254.qdate#c.wc omitted because of collinearity
note: 254.qdate#c.sa omitted because of collinearity
note: 254.qdate#c.es omitted because of collinearity
note: 254.qdate#c.ws omitted because of collinearity
note: 254.qdate#c.mt omitted because of collinearity

HDFE Linear regression                            Number of obs   =      5,238
Absorbing 1 HDFE group                            F(  57,    781) =       3.73
Statistics robust to heteroskedasticity           Prob > F        =     0.0000
                                                  R-squared       =     0.2957
                                                  Adj R-squared   =     0.1615
                                                  Within R-sq.    =     0.0398
Number of clusters (bankid)  =        782         Root MSE        =     0.0696

                               (Std. err. adjusted for 782 clusters in bankid)
------------------------------------------------------------------------------
             |               Robust
d_average_~t | Coefficient  std. err.      t    P>|t|     [95% conf. interval]
-------------+----------------------------------------------------------------
     zS_dffr |  -.0030402   .0027586    -1.10   0.271    -.0084554     .002375
     zR_dffr |  -.1382221   .1054837    -1.31   0.190    -.3452873    .0688431
     zH_dffr |  -.0062577    .003383    -1.85   0.065    -.0128985    .0003832
             |
       qdate |
        249  |   -.027524   .0096962    -2.84   0.005    -.0465577   -.0084903
        250  |  -.0227328   .0113718    -2.00   0.046    -.0450558   -.0004099
        251  |  -.0438729   .0117747    -3.73   0.000    -.0669866   -.0207591
        252  |    -.03531   .0113684    -3.11   0.002    -.0576263   -.0129938
        253  |  -.0157873   .0072506    -2.18   0.030    -.0300203   -.0015543
        254  |  -.0090894   .0067406    -1.35   0.178    -.0223213    .0041425
             |
  qdate#c.ne |
        248  |    .016768   .0269116     0.62   0.533    -.0360596    .0695957
        249  |   .0066448   .0136894     0.49   0.628    -.0202275    .0335171
        250  |   .0000185   .0109857     0.00   0.999    -.0215465    .0215834
        251  |   .0464563   .0215878     2.15   0.032     .0040793    .0888333
        252  |   .0168903   .0129187     1.31   0.191    -.0084691    .0422498
        253  |  -.0042261   .0118949    -0.36   0.722    -.0275758    .0191236
        254  |          0  (omitted)
             |
  qdate#c.ma |
        248  |    .030029   .0332281     0.90   0.366     -.035198     .095256
        249  |  -.0094027   .0106233    -0.89   0.376    -.0302564     .011451
        250  |  -.0038875   .0111109    -0.35   0.727    -.0256982    .0179232
        251  |   .0063232   .0137109     0.46   0.645    -.0205914    .0332378
        252  |   .0142212   .0130899     1.09   0.278    -.0114743    .0399167
        253  |  -.0078422   .0096098    -0.82   0.415    -.0267063    .0110219
        254  |          0  (omitted)
             |
  qdate#c.ec |
        248  |   -.009184   .0105135    -0.87   0.383     -.029822     .011454
        249  |   -.008307   .0088588    -0.94   0.349    -.0256969     .009083
        250  |   .0047829   .0105167     0.45   0.649    -.0158614    .0254273
        251  |   .0125574   .0112567     1.12   0.265    -.0095395    .0346543
        252  |   .0238348   .0139883     1.70   0.089    -.0036243    .0512938
        253  |   .0023899    .008386     0.28   0.776    -.0140719    .0188517
        254  |          0  (omitted)
             |
  qdate#c.wc |
        248  |  -.0069733   .0092394    -0.75   0.451    -.0251103    .0111637
        249  |   -.008412   .0090826    -0.93   0.355    -.0262412    .0094173
        250  |   .0017501   .0099165     0.18   0.860    -.0177161    .0212163
        251  |   .0335084   .0123713     2.71   0.007     .0092235    .0577933
        252  |   .0277274   .0125883     2.20   0.028     .0030165    .0524383
        253  |  -.0053078   .0080991    -0.66   0.512    -.0212064    .0105907
        254  |          0  (omitted)
             |
  qdate#c.sa |
        248  |   .0164486    .015358     1.07   0.284    -.0136992    .0465964
        249  |     .01316   .0134508     0.98   0.328    -.0132439    .0395639
        250  |   -.009715    .014395    -0.67   0.500    -.0379726    .0185425
        251  |   .0112222   .0152744     0.73   0.463    -.0187616     .041206
        252  |   .0413652   .0175237     2.36   0.018     .0069661    .0757643
        253  |  -.0045197    .012957    -0.35   0.727    -.0299542    .0209149
        254  |          0  (omitted)
             |
  qdate#c.es |
        248  |   .0135858   .0105036     1.29   0.196    -.0070328    .0342045
        249  |  -.0100388   .0093679    -1.07   0.284     -.028428    .0083504
        250  |  -.0094029   .0124482    -0.76   0.450    -.0338388    .0150329
        251  |   .0131126   .0121958     1.08   0.283    -.0108279     .037053
        252  |   .0245924   .0135454     1.82   0.070    -.0019973    .0511821
        253  |  -.0120377   .0083915    -1.43   0.152    -.0285103    .0044348
        254  |          0  (omitted)
             |
  qdate#c.ws |
        248  |    .024535   .0101449     2.42   0.016     .0046205    .0444496
        249  |   .0044223   .0090103     0.49   0.624     -.013265    .0221097
        250  |   .0001058   .0109537     0.01   0.992    -.0213963    .0216079
        251  |   .0364737   .0140084     2.60   0.009     .0089752    .0639723
        252  |    .013856   .0121156     1.14   0.253     -.009927    .0376389
        253  |  -.0084034   .0096688    -0.87   0.385    -.0273834    .0105766
        254  |          0  (omitted)
             |
  qdate#c.mt |
        248  |  -.0002937   .0170381    -0.02   0.986    -.0337397    .0331522
        249  |   .0282971    .016938     1.67   0.095    -.0049524    .0615466
        250  |   .0163921   .0202259     0.81   0.418    -.0233115    .0560957
        251  |   .0365686   .0245266     1.49   0.136    -.0115772    .0847145
        252  |   .0102492   .0142892     0.72   0.473    -.0178005     .038299
        253  |   .0019406   .0120699     0.16   0.872    -.0217528    .0256339
        254  |          0  (omitted)
             |
       _cons |   .0208469   .0067061     3.11   0.002     .0076828     .034011
------------------------------------------------------------------------------

Absorbed degrees of freedom:
-----------------------------------------------------+
 Absorbed FE | Categories  - Redundant  = Num. Coefs |
-------------+---------------------------------------|
      bankid |       782         782           0    *|
-----------------------------------------------------+
* = FE nested within cluster; treated as redundant for DoF computation

. test zS_dffr zR_dffr zH_dffr

 ( 1)  zS_dffr = 0
 ( 2)  zR_dffr = 0
 ( 3)  zH_dffr = 0

       F(  3,   781) =    2.13
            Prob > F =    0.0944

. 
. reghdfe d_average_interest_bearing_depos ///
>         zS_dffr zR_dffr zH_dffr ///
>         i.qdate ///
>         c.ne#i.qdate c.ma#i.qdate c.ec#i.qdate c.wc#i.qdate ///
>         c.sa#i.qdate c.es#i.qdate c.ws#i.qdate c.mt#i.qdate ///
>         if sample_stage1, ///
>         absorb(bankid) ///
>         cluster(bankid)
(dropped 27 singleton observations)
(MWFE estimator converged in 1 iterations)
note: 254.qdate#c.ne omitted because of collinearity
note: 254.qdate#c.ma omitted because of collinearity
note: 254.qdate#c.ec omitted because of collinearity
note: 254.qdate#c.wc omitted because of collinearity
note: 254.qdate#c.sa omitted because of collinearity
note: 254.qdate#c.es omitted because of collinearity
note: 254.qdate#c.ws omitted because of collinearity
note: 254.qdate#c.mt omitted because of collinearity

HDFE Linear regression                            Number of obs   =     28,392
Absorbing 1 HDFE group                            F(  57,   4171) =       7.76
Statistics robust to heteroskedasticity           Prob > F        =     0.0000
                                                  R-squared       =     0.2672
                                                  Adj R-squared   =     0.1390
                                                  Within R-sq.    =     0.0090
Number of clusters (bankid)  =      4,172         Root MSE        =     0.1873

                             (Std. err. adjusted for 4,172 clusters in bankid)
------------------------------------------------------------------------------
             |               Robust
d_average_~s | Coefficient  std. err.      t    P>|t|     [95% conf. interval]
-------------+----------------------------------------------------------------
     zS_dffr |   .0060455   .0028782     2.10   0.036     .0004027    .0116884
     zR_dffr |  -.0028708   .0060479    -0.47   0.635     -.014728    .0089864
     zH_dffr |   .0007393   .0015203     0.49   0.627    -.0022413    .0037199
             |
       qdate |
        249  |  -.0917081   .0631421    -1.45   0.146    -.2155002     .032084
        250  |   .0031315   .0966894     0.03   0.974    -.1864313    .1926943
        251  |   -.118921   .0766835    -1.55   0.121    -.2692616    .0314196
        252  |  -.0843197   .0687624    -1.23   0.220    -.2191306    .0504913
        253  |   -.100954   .0667689    -1.51   0.131    -.2318567    .0299487
        254  |  -.0517719    .052915    -0.98   0.328    -.1555135    .0519697
             |
  qdate#c.ne |
        248  |  -.0333011    .055592    -0.60   0.549    -.1422911    .0756889
        249  |   .0107777   .0167991     0.64   0.521    -.0221575    .0437128
        250  |  -.0685233   .0729509    -0.94   0.348    -.2115459    .0744993
        251  |   .0855597   .0448005     1.91   0.056    -.0022731    .1733926
        252  |   .0312904   .0219512     1.43   0.154    -.0117457    .0743265
        253  |   .0378605   .0421853     0.90   0.370    -.0448451    .1205661
        254  |          0  (omitted)
             |
  qdate#c.ma |
        248  |  -.0467212   .0557183    -0.84   0.402    -.1559587    .0625163
        249  |  -.0062719   .0166378    -0.38   0.706    -.0388908     .026347
        250  |   -.068437   .0741926    -0.92   0.356     -.213894      .07702
        251  |   .0394567   .0377505     1.05   0.296    -.0345545    .1134678
        252  |    .042653   .0209582     2.04   0.042     .0015638    .0837422
        253  |   .0121625   .0423099     0.29   0.774    -.0707874    .0951124
        254  |          0  (omitted)
             |
  qdate#c.ec |
        248  |  -.0462939   .0534894    -0.87   0.387    -.1511616    .0585738
        249  |    .005754   .0167212     0.34   0.731    -.0270285    .0385366
        250  |  -.0820004   .0726718    -1.13   0.259    -.2244759    .0604751
        251  |   .0500696    .039633     1.26   0.207    -.0276322    .1277715
        252  |   .0314869   .0201743     1.56   0.119    -.0080655    .0710392
        253  |   .0256328    .041562     0.62   0.537    -.0558508    .1071165
        254  |          0  (omitted)
             |
  qdate#c.wc |
        248  |  -.0188575   .0530366    -0.36   0.722    -.1228374    .0851225
        249  |   .0408991   .0141076     2.90   0.004     .0132408    .0685575
        250  |  -.0604116   .0718803    -0.84   0.401    -.2013354    .0805122
        251  |   .0678596   .0370299     1.83   0.067    -.0047386    .1404579
        252  |   .0535282   .0191828     2.79   0.005     .0159196    .0911368
        253  |   .0442983   .0407522     1.09   0.277    -.0355978    .1241944
        254  |          0  (omitted)
             |
  qdate#c.sa |
        248  |  -.0308807   .0535042    -0.58   0.564    -.1357775     .074016
        249  |   .0331038   .0157073     2.11   0.035     .0023091    .0638986
        250  |  -.0644727   .0722021    -0.89   0.372    -.2060272    .0770818
        251  |   .0779802   .0385904     2.02   0.043     .0023225    .1536379
        252  |   .0352648   .0199942     1.76   0.078    -.0039345    .0744641
        253  |   .0435823   .0412529     1.06   0.291    -.0372954      .12446
        254  |          0  (omitted)
             |
  qdate#c.es |
        248  |  -.0419138    .053218    -0.79   0.431    -.1462495    .0624219
        249  |   .0285662   .0163213     1.75   0.080    -.0034323    .0605647
        250  |  -.0695015   .0716544    -0.97   0.332    -.2099823    .0709794
        251  |    .063309   .0392531     1.61   0.107     -.013648    .1402661
        252  |   .0365972   .0196311     1.86   0.062    -.0018902    .0750846
        253  |   .0292099   .0408791     0.71   0.475     -.050935    .1093548
        254  |          0  (omitted)
             |
  qdate#c.ws |
        248  |  -.0162222   .0559108    -0.29   0.772    -.1258372    .0933928
        249  |   .0315802   .0154413     2.05   0.041     .0013069    .0618534
        250  |  -.0631433   .0717616    -0.88   0.379    -.2038342    .0775476
        251  |   .0743199   .0384703     1.93   0.053    -.0011024    .1497422
        252  |   .0409261   .0192682     2.12   0.034     .0031501     .078702
        253  |   .0395873    .040937     0.97   0.334    -.0406711    .1198457
        254  |          0  (omitted)
             |
  qdate#c.mt |
        248  |     -.0432    .054271    -0.80   0.426    -.1496002    .0632002
        249  |   .0323708   .0161831     2.00   0.046     .0006433    .0640983
        250  |  -.0626032   .0730521    -0.86   0.392    -.2058243    .0806179
        251  |   .0384233   .0384747     1.00   0.318    -.0370076    .1138541
        252  |   .0198236    .020183     0.98   0.326    -.0197458    .0593931
        253  |   .0376897   .0418104     0.90   0.367     -.044281    .1196604
        254  |          0  (omitted)
             |
       _cons |   .0722126    .052903     1.37   0.172    -.0315054    .1759306
------------------------------------------------------------------------------

Absorbed degrees of freedom:
-----------------------------------------------------+
 Absorbed FE | Categories  - Redundant  = Num. Coefs |
-------------+---------------------------------------|
      bankid |      4172        4172           0    *|
-----------------------------------------------------+
* = FE nested within cluster; treated as redundant for DoF computation

. test zS_dffr zR_dffr zH_dffr

 ( 1)  zS_dffr = 0
 ( 2)  zR_dffr = 0
 ( 3)  zH_dffr = 0

       F(  3,  4171) =    1.79
            Prob > F =    0.1476

. 
. reghdfe d_average_interest_bearing_depos ///
>         zS_dffr zR_dffr zH_dffr ///
>         i.qdate ///
>         c.ne#i.qdate c.ma#i.qdate c.ec#i.qdate c.wc#i.qdate ///
>         c.sa#i.qdate c.es#i.qdate c.ws#i.qdate c.mt#i.qdate ///
>         if sample_stage1 & large_bank == 0, ///
>         absorb(bankid) ///
>         cluster(bankid)
(dropped 20 singleton observations)
(MWFE estimator converged in 1 iterations)
note: 254.qdate#c.ne omitted because of collinearity
note: 254.qdate#c.ma omitted because of collinearity
note: 254.qdate#c.ec omitted because of collinearity
note: 254.qdate#c.wc omitted because of collinearity
note: 254.qdate#c.sa omitted because of collinearity
note: 254.qdate#c.es omitted because of collinearity
note: 254.qdate#c.ws omitted because of collinearity
note: 254.qdate#c.mt omitted because of collinearity

HDFE Linear regression                            Number of obs   =     23,154
Absorbing 1 HDFE group                            F(  57,   3389) =       7.63
Statistics robust to heteroskedasticity           Prob > F        =     0.0000
                                                  R-squared       =     0.2327
                                                  Adj R-squared   =     0.0985
                                                  Within R-sq.    =     0.0107
Number of clusters (bankid)  =      3,390         Root MSE        =     0.1738

                             (Std. err. adjusted for 3,390 clusters in bankid)
------------------------------------------------------------------------------
             |               Robust
d_average_~s | Coefficient  std. err.      t    P>|t|     [95% conf. interval]
-------------+----------------------------------------------------------------
     zS_dffr |    .006264   .0031048     2.02   0.044     .0001765    .0123516
     zR_dffr |   -.000151   .0055939    -0.03   0.978    -.0111187    .0108167
     zH_dffr |   .0017115   .0016059     1.07   0.287    -.0014372    .0048602
             |
       qdate |
        249  |  -.1346145   .1139803    -1.18   0.238    -.3580917    .0888626
        250  |  -.0924912    .124878    -0.74   0.459    -.3373351    .1523527
        251  |  -.1501666    .125419    -1.20   0.231    -.3960712    .0957379
        252  |  -.1352654   .1252275    -1.08   0.280    -.3807944    .1102637
        253  |  -.1059908   .0964847    -1.10   0.272    -.2951648    .0831832
        254  |  -.0955589   .0962407    -0.99   0.321    -.2842545    .0931368
             |
  qdate#c.ne |
        248  |  -.0941177   .0979428    -0.96   0.337    -.2861506    .0979152
        249  |  -.0030844   .0262281    -0.12   0.906    -.0545089    .0483401
        250  |  -.0209981   .0395521    -0.53   0.596    -.0985465    .0565503
        251  |   .0550175   .0593898     0.93   0.354    -.0614258    .1714609
        252  |   .0295711   .0382776     0.77   0.440    -.0454783    .1046206
        253  |   -.013131   .0201754    -0.65   0.515    -.0526881    .0264261
        254  |          0  (omitted)
             |
  qdate#c.ma |
        248  |  -.1017124   .0973424    -1.04   0.296    -.2925681    .0891433
        249  |  -.0073134   .0275279    -0.27   0.791    -.0612864    .0466596
        250  |  -.0076014   .0456879    -0.17   0.868    -.0971801    .0819773
        251  |   .0216662    .035184     0.62   0.538    -.0473178    .0906502
        252  |   .0593359   .0353535     1.68   0.093    -.0099805    .1286523
        253  |  -.0438875   .0211932    -2.07   0.038    -.0854404   -.0023347
        254  |          0  (omitted)
             |
  qdate#c.ec |
        248  |   -.086275   .0966568    -0.89   0.372    -.2757865    .1032364
        249  |   .0057819   .0254726     0.23   0.820    -.0441612    .0557251
        250  |  -.0335862   .0412687    -0.81   0.416    -.1145003     .047328
        251  |    .038458     .03693     1.04   0.298    -.0339493    .1108652
        252  |   .0327477   .0330673     0.99   0.322    -.0320863    .0975816
        253  |  -.0160221   .0170621    -0.94   0.348     -.049475    .0174309
        254  |          0  (omitted)
             |
  qdate#c.wc |
        248  |  -.0577493   .0962933    -0.60   0.549    -.2465481    .1310495
        249  |   .0439513   .0229809     1.91   0.056    -.0011064    .0890091
        250  |  -.0082906   .0395245    -0.21   0.834    -.0857849    .0692038
        251  |   .0554458   .0327027     1.70   0.090    -.0086732    .1195648
        252  |   .0618326   .0324248     1.91   0.057    -.0017415    .1254067
        253  |    .006957   .0141078     0.49   0.622    -.0207036    .0346176
        254  |          0  (omitted)
             |
  qdate#c.sa |
        248  |  -.0731588   .0966234    -0.76   0.449    -.2626049    .1162873
        249  |   .0360007   .0247229     1.46   0.145    -.0124726     .084474
        250  |  -.0076879   .0415061    -0.19   0.853    -.0890675    .0736917
        251  |   .0699928    .035067     2.00   0.046     .0012382    .1387475
        252  |   .0382168   .0331036     1.15   0.248    -.0266881    .1031218
        253  |   .0009878   .0154937     0.06   0.949    -.0293902    .0313658
        254  |          0  (omitted)
             |
  qdate#c.es |
        248  |  -.0840483    .096443    -0.87   0.384    -.2731407    .1050441
        249  |   .0324597   .0252553     1.29   0.199    -.0170574    .0819769
        250  |  -.0159119   .0420145    -0.38   0.705    -.0982883    .0664645
        251  |   .0502378   .0355425     1.41   0.158    -.0194492    .1199248
        252  |   .0457564    .032939     1.39   0.165    -.0188259    .1103386
        253  |  -.0093387   .0146719    -0.64   0.524    -.0381054     .019428
        254  |          0  (omitted)
             |
  qdate#c.ws |
        248  |  -.0547614   .0984983    -0.56   0.578    -.2478835    .1383607
        249  |   .0335323   .0244418     1.37   0.170    -.0143898    .0814545
        250  |  -.0096482   .0414487    -0.23   0.816    -.0909151    .0716187
        251  |   .0591881   .0344417     1.72   0.086    -.0083405    .1267167
        252  |   .0489272   .0326643     1.50   0.134    -.0151165    .1129708
        253  |   .0014158   .0146954     0.10   0.923    -.0273969    .0302285
        254  |          0  (omitted)
             |
  qdate#c.mt |
        248  |    -.08241   .0971024    -0.85   0.396    -.2727952    .1079752
        249  |   .0291159   .0248116     1.17   0.241    -.0195312     .077763
        250  |  -.0112748   .0402063    -0.28   0.779    -.0901059    .0675563
        251  |    .018142   .0340564     0.53   0.594    -.0486312    .0849153
        252  |   .0256143   .0333264     0.77   0.442    -.0397276    .0909562
        253  |  -.0041693    .016425    -0.25   0.800    -.0363732    .0280347
        254  |          0  (omitted)
             |
       _cons |   .1133351   .0962853     1.18   0.239     -.075448    .3021182
------------------------------------------------------------------------------

Absorbed degrees of freedom:
-----------------------------------------------------+
 Absorbed FE | Categories  - Redundant  = Num. Coefs |
-------------+---------------------------------------|
      bankid |      3390        3390           0    *|
-----------------------------------------------------+
* = FE nested within cluster; treated as redundant for DoF computation

. test zS_dffr zR_dffr zH_dffr

 ( 1)  zS_dffr = 0
 ( 2)  zR_dffr = 0
 ( 3)  zH_dffr = 0

       F(  3,  3389) =    1.48
            Prob > F =    0.2185

. 
. 
. reghdfe d_average_interest_bearing_depos ///
>         zS_dffr zR_dffr zH_dffr ///
>         i.qdate ///
>         c.ne#i.qdate c.ma#i.qdate c.ec#i.qdate c.wc#i.qdate ///
>         c.sa#i.qdate c.es#i.qdate c.ws#i.qdate c.mt#i.qdate ///
>         if sample_stage1 & large_bank == 1, ///
>         absorb(bankid) ///
>         cluster(bankid)
(dropped 7 singleton observations)
(MWFE estimator converged in 1 iterations)
note: 254.qdate#c.ne omitted because of collinearity
note: 254.qdate#c.ma omitted because of collinearity
note: 254.qdate#c.ec omitted because of collinearity
note: 254.qdate#c.wc omitted because of collinearity
note: 254.qdate#c.sa omitted because of collinearity
note: 254.qdate#c.es omitted because of collinearity
note: 254.qdate#c.ws omitted because of collinearity
note: 254.qdate#c.mt omitted because of collinearity

HDFE Linear regression                            Number of obs   =      5,238
Absorbing 1 HDFE group                            F(  57,    781) =       3.84
Statistics robust to heteroskedasticity           Prob > F        =     0.0000
                                                  R-squared       =     0.3433
                                                  Adj R-squared   =     0.2182
                                                  Within R-sq.    =     0.0149
Number of clusters (bankid)  =        782         Root MSE        =     0.2384

                               (Std. err. adjusted for 782 clusters in bankid)
------------------------------------------------------------------------------
             |               Robust
d_average_~s | Coefficient  std. err.      t    P>|t|     [95% conf. interval]
-------------+----------------------------------------------------------------
     zS_dffr |   .0004434   .0048552     0.09   0.927    -.0090874    .0099742
     zR_dffr |  -.7943014   .4829929    -1.64   0.100    -1.742419    .1538167
     zH_dffr |  -.0081261   .0056246    -1.44   0.149    -.0191673    .0029151
             |
       qdate |
        249  |  -.0900344   .0353451    -2.55   0.011     -.159417   -.0206519
        250  |    .053708   .1163053     0.46   0.644       -.1746     .282016
        251  |  -.1319754   .0988895    -1.33   0.182    -.3260961    .0621452
        252  |  -.0368922   .0178282    -2.07   0.039     -.071889   -.0018954
        253  |  -.0968065   .0899437    -1.08   0.282    -.2733665    .0797535
        254  |  -.0010826    .014022    -0.08   0.938    -.0286078    .0264426
             |
  qdate#c.ne |
        248  |   .0339687   .0312152     1.09   0.277     -.027307    .0952444
        249  |   .0300601   .0196656     1.53   0.127    -.0085437    .0686638
        250  |  -.1168444   .1481573    -0.79   0.431     -.407678    .1739893
        251  |   .1239892   .0746797     1.66   0.097    -.0226074    .2705858
        252  |   .0335004   .0180403     1.86   0.064    -.0019129    .0689136
        253  |   .0959086   .0888276     1.08   0.281    -.0784605    .2702777
        254  |          0  (omitted)
             |
  qdate#c.ma |
        248  |    .020641   .0341254     0.60   0.545    -.0463474    .0876294
        249  |  -.0007012    .015019    -0.05   0.963    -.0301835    .0287811
        250  |  -.1358436   .1509603    -0.90   0.368    -.4321796    .1604925
        251  |   .0664109    .073123     0.91   0.364      -.07713    .2099518
        252  |   .0219106   .0169527     1.29   0.197    -.0113677    .0551889
        253  |   .0809964   .0900129     0.90   0.368    -.0956994    .2576923
        254  |          0  (omitted)
             |
  qdate#c.ec |
        248  |  -.0130433    .016379    -0.80   0.426    -.0451954    .0191087
        249  |   .0068913   .0123075     0.56   0.576    -.0172683    .0310509
        250  |  -.1198641   .1476786    -0.81   0.417    -.4097581    .1700299
        251  |    .064415   .0720244     0.89   0.371    -.0769692    .2057993
        252  |    .055922    .027761     2.01   0.044     .0014271     .110417
        253  |   .0885309   .0879559     1.01   0.314     -.084127    .2611888
        254  |          0  (omitted)
             |
  qdate#c.wc |
        248  |  -.0218251   .0168546    -1.29   0.196    -.0549108    .0112606
        249  |   .0053587    .013991     0.38   0.702    -.0221057    .0328231
        250  |  -.1155767   .1453917    -0.79   0.427    -.4009814    .1698281
        251  |   .0881552   .0751698     1.17   0.241    -.0594036    .2357139
        252  |   .0331902   .0164284     2.02   0.044     .0009411    .0654393
        253  |   .0748531     .08809     0.85   0.396    -.0980681    .2477743
        254  |          0  (omitted)
             |
  qdate#c.sa |
        248  |   .0144403   .0226819     0.64   0.525    -.0300845    .0589651
        249  |   .0215847    .017142     1.26   0.208    -.0120651    .0552345
        250  |  -.1419562   .1490745    -0.95   0.341    -.4345904     .150678
        251  |   .0767076   .0727823     1.05   0.292    -.0661646    .2195798
        252  |   .0425345   .0221289     1.92   0.055    -.0009047    .0859737
        253  |   .1048998   .0896903     1.17   0.243    -.0711628    .2809623
        254  |          0  (omitted)
             |
  qdate#c.es |
        248  |   .0001261   .0182605     0.01   0.994    -.0357194    .0359717
        249  |   .0054046   .0159537     0.34   0.735    -.0259125    .0367217
        250  |  -.1347923   .1425605    -0.95   0.345    -.4146394    .1450548
        251  |   .0863895   .0755287     1.14   0.253    -.0618738    .2346527
        252  |   .0151044   .0189449     0.80   0.426    -.0220845    .0522932
        253  |   .0735783   .0874394     0.84   0.400    -.0980657    .2452223
        254  |          0  (omitted)
             |
  qdate#c.ws |
        248  |    .006694   .0165928     0.40   0.687    -.0258777    .0392658
        249  |   .0203607   .0147022     1.38   0.166    -.0084998    .0492212
        250  |  -.1284845   .1444187    -0.89   0.374    -.4119793    .1550103
        251  |   .1074205    .075535     1.42   0.155    -.0408552    .2556962
        252  |   .0282459   .0155435     1.82   0.070     -.002266    .0587579
        253  |   .0829286   .0883755     0.94   0.348    -.0905529    .2564102
        254  |          0  (omitted)
             |
  qdate#c.mt |
        248  |  -.0022729   .0216066    -0.11   0.916    -.0446868     .040141
        249  |   .0438531    .018888     2.32   0.021     .0067758    .0809303
        250  |  -.1247706   .1583265    -0.79   0.431    -.4355664    .1860253
        251  |   .0839613    .077321     1.09   0.278    -.0678203    .2357428
        252  |   .0183867    .017925     1.03   0.305    -.0168002    .0535736
        253  |   .1011442   .0925194     1.09   0.275     -.080472    .2827604
        254  |          0  (omitted)
             |
       _cons |   .0215484   .0145766     1.48   0.140    -.0070655    .0501623
------------------------------------------------------------------------------

Absorbed degrees of freedom:
-----------------------------------------------------+
 Absorbed FE | Categories  - Redundant  = Num. Coefs |
-------------+---------------------------------------|
      bankid |       782         782           0    *|
-----------------------------------------------------+
* = FE nested within cluster; treated as redundant for DoF computation

. test zS_dffr zR_dffr zH_dffr

 ( 1)  zS_dffr = 0
 ( 2)  zR_dffr = 0
 ( 3)  zH_dffr = 0

       F(  3,   781) =    1.14
            Prob > F =    0.3337

. 
. * Close results log
. log close stage1
      name:  stage1
       log:  C:\Users\CHENY\Documents\GitHub\thesis-bank/results/stage1_results.log
  log type:  text
 closed on:  22 Nov 2025, 17:28:44
-------------------------------------------------------------------------------------------
